<?xml version="1.0" encoding="UTF-8"?>
<robot generator="Robot 3.1 (Python 3.6.5 on win32)" generated="20190503 14:46:48.316" rpa="false">
<suite id="s1" name="Test Gameanalysis Page" source="C:\unit_test\web\test_gameanalysis_page.robot">
<kw name="SuiteSetup" type="setup">
<kw name="Open Browser" library="Selenium2Library">
<doc>Opens a new browser instance to the given ``url``.</doc>
<arguments>
<arg>${LOGIN URL}</arg>
<arg>${BROWSER}</arg>
</arguments>
<msg timestamp="20190503 14:46:48.477" level="INFO">Opening browser 'Chrome' to base url 'https://ppap.pmzoe.com/login/'.</msg>
<status status="PASS" starttime="20190503 14:46:48.476" endtime="20190503 14:46:57.189"></status>
</kw>
<kw name="Maximize Browser Window" library="Selenium2Library">
<doc>Maximizes current browser window.</doc>
<status status="PASS" starttime="20190503 14:46:57.189" endtime="20190503 14:46:58.306"></status>
</kw>
<kw name="Login Page" library="keyword_common">
<arguments>
<arg>${VALID_USER}</arg>
<arg>${VALID_PASSWORD}</arg>
</arguments>
<kw name="Log" library="BuiltIn">
<doc>Logs the given message with the given level.</doc>
<arguments>
<arg>${account}</arg>
</arguments>
<msg timestamp="20190503 14:46:58.307" level="INFO">brdemos</msg>
<status status="PASS" starttime="20190503 14:46:58.306" endtime="20190503 14:46:58.307"></status>
</kw>
<kw name="Input Account" library="keyword_common">
<arguments>
<arg>${account}</arg>
</arguments>
<kw name="Wait Until Page Contains Element" library="Selenium2Library">
<doc>Waits until element ``locator`` appears on current page.</doc>
<arguments>
<arg>//input[@id="inputEmail3"]</arg>
</arguments>
<status status="PASS" starttime="20190503 14:46:58.307" endtime="20190503 14:46:58.320"></status>
</kw>
<kw name="Input Text" library="Selenium2Library">
<doc>Types the given ``text`` into text field identified by ``locator``.</doc>
<arguments>
<arg>//input[@id="inputEmail3"]</arg>
<arg>${account}</arg>
</arguments>
<msg timestamp="20190503 14:46:58.320" level="INFO">Typing text 'brdemos' into text field '//input[@id="inputEmail3"]'.</msg>
<status status="PASS" starttime="20190503 14:46:58.320" endtime="20190503 14:46:58.389"></status>
</kw>
<status status="PASS" starttime="20190503 14:46:58.307" endtime="20190503 14:46:58.389"></status>
</kw>
<kw name="Input Password" library="keyword_common">
<arguments>
<arg>${password}</arg>
</arguments>
<kw name="Wait Until Page Contains Element" library="Selenium2Library">
<doc>Waits until element ``locator`` appears on current page.</doc>
<arguments>
<arg>//input[@id="inputPassword3"]</arg>
</arguments>
<status status="PASS" starttime="20190503 14:46:58.390" endtime="20190503 14:46:58.400"></status>
</kw>
<kw name="Input Text" library="Selenium2Library">
<doc>Types the given ``text`` into text field identified by ``locator``.</doc>
<arguments>
<arg>//input[@id="inputPassword3"]</arg>
<arg>${password}</arg>
</arguments>
<msg timestamp="20190503 14:46:58.400" level="INFO">Typing text '111116' into text field '//input[@id="inputPassword3"]'.</msg>
<status status="PASS" starttime="20190503 14:46:58.400" endtime="20190503 14:46:58.462"></status>
</kw>
<status status="PASS" starttime="20190503 14:46:58.389" endtime="20190503 14:46:58.462"></status>
</kw>
<kw name="Press Key" library="Selenium2Library">
<doc>Simulates user pressing key on element identified by ``locator``.</doc>
<arguments>
<arg>//input[@id="inputPassword3"]</arg>
<arg>\\13</arg>
</arguments>
<status status="PASS" starttime="20190503 14:46:58.462" endtime="20190503 14:46:58.492"></status>
</kw>
<status status="PASS" starttime="20190503 14:46:58.306" endtime="20190503 14:46:58.492"></status>
</kw>
<kw name="Set Browser Implicit Wait" library="Selenium2Library">
<doc>Sets the implicit wait value used by Selenium.</doc>
<arguments>
<arg>10s</arg>
</arguments>
<status status="PASS" starttime="20190503 14:46:58.492" endtime="20190503 14:46:58.493"></status>
</kw>
<status status="PASS" starttime="20190503 14:46:48.476" endtime="20190503 14:46:58.493"></status>
</kw>
<test id="s1-t1" name="Check login">
<kw name="Login Page" library="keyword_common">
<arguments>
<arg>${VALID_USER}</arg>
<arg>${VALID_PASSWORD}</arg>
</arguments>
<kw name="Log" library="BuiltIn">
<doc>Logs the given message with the given level.</doc>
<arguments>
<arg>${account}</arg>
</arguments>
<msg timestamp="20190503 14:46:58.495" level="INFO">brdemos</msg>
<status status="PASS" starttime="20190503 14:46:58.495" endtime="20190503 14:46:58.495"></status>
</kw>
<kw name="Input Account" library="keyword_common">
<arguments>
<arg>${account}</arg>
</arguments>
<kw name="Wait Until Page Contains Element" library="Selenium2Library">
<doc>Waits until element ``locator`` appears on current page.</doc>
<arguments>
<arg>//input[@id="inputEmail3"]</arg>
</arguments>
<status status="PASS" starttime="20190503 14:46:58.495" endtime="20190503 14:46:58.502"></status>
</kw>
<kw name="Input Text" library="Selenium2Library">
<doc>Types the given ``text`` into text field identified by ``locator``.</doc>
<arguments>
<arg>//input[@id="inputEmail3"]</arg>
<arg>${account}</arg>
</arguments>
<msg timestamp="20190503 14:46:58.503" level="INFO">Typing text 'brdemos' into text field '//input[@id="inputEmail3"]'.</msg>
<status status="PASS" starttime="20190503 14:46:58.502" endtime="20190503 14:46:58.569"></status>
</kw>
<status status="PASS" starttime="20190503 14:46:58.495" endtime="20190503 14:46:58.569"></status>
</kw>
<kw name="Input Password" library="keyword_common">
<arguments>
<arg>${password}</arg>
</arguments>
<kw name="Wait Until Page Contains Element" library="Selenium2Library">
<doc>Waits until element ``locator`` appears on current page.</doc>
<arguments>
<arg>//input[@id="inputPassword3"]</arg>
</arguments>
<status status="PASS" starttime="20190503 14:46:58.570" endtime="20190503 14:46:58.576"></status>
</kw>
<kw name="Input Text" library="Selenium2Library">
<doc>Types the given ``text`` into text field identified by ``locator``.</doc>
<arguments>
<arg>//input[@id="inputPassword3"]</arg>
<arg>${password}</arg>
</arguments>
<msg timestamp="20190503 14:46:58.576" level="INFO">Typing text '111116' into text field '//input[@id="inputPassword3"]'.</msg>
<status status="PASS" starttime="20190503 14:46:58.576" endtime="20190503 14:46:58.629"></status>
</kw>
<status status="PASS" starttime="20190503 14:46:58.570" endtime="20190503 14:46:58.630"></status>
</kw>
<kw name="Press Key" library="Selenium2Library">
<doc>Simulates user pressing key on element identified by ``locator``.</doc>
<arguments>
<arg>//input[@id="inputPassword3"]</arg>
<arg>\\13</arg>
</arguments>
<status status="PASS" starttime="20190503 14:46:58.630" endtime="20190503 14:46:58.651"></status>
</kw>
<status status="PASS" starttime="20190503 14:46:58.494" endtime="20190503 14:46:58.651"></status>
</kw>
<tags>
<tag>Login</tag>
</tags>
<status status="PASS" starttime="20190503 14:46:58.494" endtime="20190503 14:46:58.652" critical="yes"></status>
</test>
<test id="s1-t2" name="Check sidebar link Game Information navigation is correct">
<kw name="Close Announcement" library="keyword_common">
<kw name="Sleep" library="BuiltIn">
<doc>Pauses the test executed for the given time.</doc>
<arguments>
<arg>8s</arg>
</arguments>
<msg timestamp="20190503 14:47:06.655" level="INFO">Slept 8 seconds</msg>
<status status="PASS" starttime="20190503 14:46:58.654" endtime="20190503 14:47:06.655"></status>
</kw>
<kw name="Run Keyword And Return Status" library="BuiltIn">
<doc>Runs the given keyword with given arguments and returns the status as a Boolean value.</doc>
<arguments>
<arg>Page Should Contain Element</arg>
<arg>//div[@class='container bg-white boss-know-panel']//button[1]</arg>
</arguments>
<assign>
<var>${Result}</var>
</assign>
<kw name="Page Should Contain Element" library="Selenium2Library">
<doc>Verifies that element ``locator`` is found on the current page.</doc>
<arguments>
<arg>//div[@class='container bg-white boss-know-panel']//button[1]</arg>
</arguments>
<msg timestamp="20190503 14:47:16.709" level="INFO">&lt;!DOCTYPE html&gt;&lt;html xmlns="http://www.w3.org/1999/xhtml" lang="en"&gt;&lt;head&gt;
  &lt;meta charset="utf-8" /&gt;
  &lt;title&gt;BI-Supervisor&lt;/title&gt;
  &lt;base href="/" /&gt;
  &lt;meta http-equiv="x-ua-compatible" content="ie=edge" /&gt;
  &lt;meta name="viewport" content="width=device-width, initial-scale=1" /&gt;

  &lt;link rel="icon" type="image/x-icon" href="favicon.ico" /&gt;
  &lt;!-- Enable bootstrap 4 theme --&gt;
  &lt;script&gt;
    window.__theme = 'bs4';
    // window.req = window.dep = null;
  &lt;/script&gt;
&lt;link rel="stylesheet" href="styles.9b33c1a56d0c9ad09ddf.css" /&gt;&lt;style type="text/css"&gt;&lt;/style&gt;&lt;style&gt;@charset "UTF-8";[_nghost-c0]     .al-sidebar{width:250px;top:66px;left:0;z-index:998;display:block;min-height:100%;background-color:#222;height:100%;position:fixed;overflow:hidden}[_nghost-c0]     .al-sidebar .caculation.un{position:absolute;left:0;top:730px;background:#2d4654;width:250px;height:180px;z-index:1}[_nghost-c0]     .al-sidebar.fixed{top:51px}[_nghost-c0]     .al-sidebar-list{margin:0;overflow:hidden;padding:18px 0 0;list-style:none}[_nghost-c0]     .al-sidebar-sublist .subitem-submenu-list{padding-left:15px}[_nghost-c0]     .subitem-submenu-link .fa{top:7px}[_nghost-c0]     .al-sidebar-list-item{display:block;position:relative;float:none;padding:0}[_nghost-c0]     .al-sidebar-list-item.selected:not(.with-sub-menu){background-color:#209e91}[_nghost-c0]     .al-sidebar-list-item.selected:not(.with-sub-menu) a.al-sidebar-list-disable, [_nghost-c0]     .al-sidebar-list-item.selected:not(.with-sub-menu) a.al-sidebar-list-link{color:#fff}[_nghost-c0]     .al-sidebar-list-item.selected:not(.with-sub-menu) a.al-sidebar-list-disable b, [_nghost-c0]     .al-sidebar-list-item.selected:not(.with-sub-menu) a.al-sidebar-list-link b{color:#fff}[_nghost-c0]     .ba-sidebar-item-expanded&amp;gt;ul.al-sidebar-sublist{display:block!important}[_nghost-c0]     .al-sidebar-list-item.ba-sidebar-item-expanded&amp;gt;.al-sidebar-list-disable b, [_nghost-c0]     .al-sidebar-list-item.ba-sidebar-item-expanded&amp;gt;.al-sidebar-list-link b, [_nghost-c0]     .ba-sidebar-sublist-item.ba-sidebar-item-expanded&amp;gt;.al-sidebar-list-disable b, [_nghost-c0]     .ba-sidebar-sublist-item.ba-sidebar-item-expanded&amp;gt;.al-sidebar-list-link b{-webkit-transform:rotate(180deg);transform:rotate(180deg)}[_nghost-c0]     .al-sidebar-list-item.ba-sidebar-item-expanded&amp;gt;.al-sidebar-sublist, [_nghost-c0]     .ba-sidebar-sublist-item.ba-sidebar-item-expanded&amp;gt;.al-sidebar-sublist{display:block}[_nghost-c0]     a.al-sidebar-list-disable, [_nghost-c0]     a.al-sidebar-list-link{display:block;height:42px;padding-left:18px;text-shadow:none;font-size:13px;text-decoration:none;color:#fff;line-height:42px;white-space:nowrap;overflow:hidden;cursor:pointer}[_nghost-c0]     a.al-sidebar-list-disable:hover, [_nghost-c0]     a.al-sidebar-list-link:hover{color:#209e91}[_nghost-c0]     a.al-sidebar-list-disable:hover b, [_nghost-c0]     a.al-sidebar-list-link:hover b{color:#209e91}[_nghost-c0]     a.al-sidebar-list-disable i, [_nghost-c0]     a.al-sidebar-list-link i{margin-right:18px;width:16px;display:inline-block}[_nghost-c0]     a.al-sidebar-list-disable b, [_nghost-c0]     a.al-sidebar-list-link b{display:block;opacity:1;width:14px;height:14px;line-height:14px;text-shadow:none;font-size:18px;position:absolute;right:10px;top:12px;padding:0;text-align:center;color:#fff;transition:-webkit-transform .2s linear;transition:transform .2s linear;transition:transform .2s linear,-webkit-transform .2s linear}[_nghost-c0]     .slimScrollBar, [_nghost-c0]     .slimScrollRail{border-radius:0!important;width:4px!important;left:246px}[_nghost-c0]     .al-sidebar-sublist{padding:0;list-style:none;position:relative;display:none}[_nghost-c0]     .al-sidebar-sublist.expanded{display:block}[_nghost-c0]     .al-sidebar-sublist&amp;gt;ba-menu-item&amp;gt;li{display:block;float:none;padding:0;border-bottom:none;position:relative}[_nghost-c0]     .al-sidebar-sublist&amp;gt;ba-menu-item&amp;gt;li a{display:block;text-shadow:none;font-size:13px;text-decoration:none;color:#fff;padding-left:52px;height:auto;line-height:34px}[_nghost-c0]     .al-sidebar-sublist&amp;gt;ba-menu-item&amp;gt;li a:hover{color:#209e91}[_nghost-c0]     .al-sidebar-sublist&amp;gt;ba-menu-item&amp;gt;li.selected:not(.with-sub-menu)&amp;gt;a{border:none}[_nghost-c0]     .al-sidebar-sublist&amp;gt;ba-menu-item&amp;gt;li.selected:not(.with-sub-menu)&amp;gt;a:hover{color:#fff}[_nghost-c0]     .sidebar-hover-elem{width:4px;background:#209e91;position:absolute;top:-150px;left:246px;transition:all .5s ease;transition-property:top,height;height:42px;display:block}[_nghost-c0]     .sidebar-select-elem{display:block;top:94px}[_nghost-c0]     .menu-collapsed .slimScrollBar, [_nghost-c0]     .menu-collapsed .slimScrollRail{display:none!important}@media (min-width:1200px){[_nghost-c0]     .menu-collapsed .al-main{margin-left:50px}[_nghost-c0]     .menu-collapsed .al-footer{padding-left:83px}}@media (max-width:1200px) and (min-width:500px){[_nghost-c0]     .al-main{margin-left:50px}[_nghost-c0]     .al-footer{padding-left:83px}}@media (min-width:992px){[_nghost-c0]     .menu-collapsed .al-sidebar{width:52px}[_nghost-c0]     .menu-collapsed .al-sidebar .fa-angle-down, [_nghost-c0]     .menu-collapsed .al-sidebar .fa-angle-up{opacity:0}[_nghost-c0]     .menu-collapsed .al-sidebar .al-sidebar-sublist{position:absolute;top:-1px;left:52px;background:rgba(0,0,0,.8);width:0;display:block;overflow:hidden;transition:width .5s ease}[_nghost-c0]     .menu-collapsed .al-sidebar .al-sidebar-sublist.slide-right{width:135px}[_nghost-c0]     .menu-collapsed .al-sidebar .al-sidebar-sublist::before{display:none}[_nghost-c0]     .menu-collapsed .al-sidebar .al-sidebar-sublist li::before{display:none}[_nghost-c0]     .menu-collapsed .al-sidebar .al-sidebar-sublist li a{padding-left:18px;padding-right:18px;min-width:130px;white-space:nowrap}[_nghost-c0]     .menu-collapsed .al-sidebar .sidebar-hover-elem, [_nghost-c0]     .menu-collapsed .al-sidebar .sidebar-select-elem{left:48px}}@media (max-width:1200px){[_nghost-c0]     .al-sidebar{width:250px;background:rgba(0,0,0,.75);transition:width .5s ease}[_nghost-c0]     .al-sidebar .fa-angle-down, [_nghost-c0]     .al-sidebar .fa-angle-up{opacity:1}[_nghost-c0]     .al-sidebar .al-sidebar-sublist{padding:0;list-style:none;position:relative;display:none;top:auto;left:auto;width:auto;overflow:visible;transition:none}[_nghost-c0]     .al-sidebar .al-sidebar-sublist.expanded{display:block}[_nghost-c0]     .al-sidebar .al-sidebar-sublist&amp;gt;ba-menu-item&amp;gt;li{display:block;float:none;padding:0;border-bottom:none;position:relative}[_nghost-c0]     .al-sidebar .al-sidebar-sublist&amp;gt;ba-menu-item&amp;gt;li a{display:block;text-shadow:none;font-size:13px;text-decoration:none;color:#fff;padding-left:52px;height:auto;line-height:34px}[_nghost-c0]     .al-sidebar .al-sidebar-sublist&amp;gt;ba-menu-item&amp;gt;li a:hover{color:#209e91}[_nghost-c0]     .al-sidebar .al-sidebar-sublist&amp;gt;ba-menu-item&amp;gt;li.selected:not(.with-sub-menu)&amp;gt;a{border:none}[_nghost-c0]     .al-sidebar .al-sidebar-sublist&amp;gt;ba-menu-item&amp;gt;li.selected:not(.with-sub-menu)&amp;gt;a:hover{color:#fff}[_nghost-c0]     .al-sidebar .sidebar-hover-elem, [_nghost-c0]     .al-sidebar .sidebar-select-elem{left:246px;transition:left .5s ease}}@media (max-width:991px){[_nghost-c0]     .menu-collapsed .al-sidebar{width:0}[_nghost-c0]     .menu-collapsed .sidebar-hover-elem, [_nghost-c0]     .menu-collapsed .sidebar-select-elem{display:none}[_nghost-c0]     .al-main{margin-left:0}[_nghost-c0]     .al-footer{padding-left:0}}&lt;/style&gt;&lt;style&gt;@charset "UTF-8";.auth-main[_ngcontent-c1]{display:flex;align-items:center;height:100%;width:100%;position:absolute}.auth-block[_ngcontent-c1]{width:540px;margin:0 auto;border-radius:5px;background:rgba(0,0,0,.55);color:#fff;padding:32px}.auth-block[_ngcontent-c1]   h1[_ngcontent-c1]{font-weight:300;margin-bottom:28px;text-align:center}.auth-block[_ngcontent-c1]   p[_ngcontent-c1]{font-size:16px}.auth-block[_ngcontent-c1]   a[_ngcontent-c1]{text-decoration:none;outline:0;transition:all .2s ease}.auth-block[_ngcontent-c1]   .control-label[_ngcontent-c1]{padding-top:11px;color:#fff}.auth-block[_ngcontent-c1]   .form-group[_ngcontent-c1]{margin-bottom:12px}.auth-input[_ngcontent-c1]{width:300px;margin-bottom:24px}.auth-input[_ngcontent-c1]   input[_ngcontent-c1]{display:block;width:100%;border:none;font-size:16px;padding:4px 10px;outline:0}a.forgot-pass[_ngcontent-c1]{display:block;text-align:right;margin-bottom:-20px;float:right;z-index:2;position:relative}.auth-link[_ngcontent-c1]{display:block;font-size:16px;text-align:center;margin-bottom:33px}.auth-sep[_ngcontent-c1]{margin-top:36px;margin-bottom:24px;line-height:20px;font-size:16px;text-align:center;display:block;position:relative}.auth-sep[_ngcontent-c1] &amp;gt; span[_ngcontent-c1]{display:table-cell;width:30%;white-space:nowrap;padding:0 24px;color:#fff}.auth-sep[_ngcontent-c1] &amp;gt; spa[_ngcontent-c1] &amp;gt; span[_ngcontent-c1]{margin-top:-12px;display:block}.auth-sep[_ngcontent-c1]:after, .auth-sep[_ngcontent-c1]:before{border-top:1px solid #fff;content:"";height:1px;width:35%;display:table-cell}.al-share-auth[_ngcontent-c1]{text-align:center}.al-share-auth[_ngcontent-c1]   .al-share[_ngcontent-c1]{float:none;margin:0;padding:0;display:inline-block}.al-share-auth[_ngcontent-c1]   .al-share[_ngcontent-c1]   li[_ngcontent-c1]{margin-left:24px}.al-share-auth[_ngcontent-c1]   .al-share[_ngcontent-c1]   li[_ngcontent-c1]:first-child{margin-left:0}.al-share-auth[_ngcontent-c1]   .al-share[_ngcontent-c1]   li[_ngcontent-c1]   i[_ngcontent-c1]{font-size:24px}.btn-auth[_ngcontent-c1]{color:#fff!important}main.gold[_ngcontent-c1]   .auth-block[_ngcontent-c1]   a[_ngcontent-c1]{color:#f3e195}main.gold[_ngcontent-c1]   .auth-block[_ngcontent-c1]   a[_ngcontent-c1]:hover{color:#cfbf7f}main.blur[_ngcontent-c1]   .auth-block[_ngcontent-c1]   a[_ngcontent-c1]{color:#209e91}main.blur[_ngcontent-c1]   .auth-block[_ngcontent-c1]   a[_ngcontent-c1]:hover{color:#1b867b}main.dark[_ngcontent-c1]   .auth-block[_ngcontent-c1]   a[_ngcontent-c1]{color:#209e91}main.dark[_ngcontent-c1]   .auth-block[_ngcontent-c1]   a[_ngcontent-c1]:hover{color:#1b867b}main.blue[_ngcontent-c1]   .auth-block[_ngcontent-c1]   a[_ngcontent-c1]{color:#00abff}main.blue[_ngcontent-c1]   .auth-block[_ngcontent-c1]   a[_ngcontent-c1]:hover{color:#0091d9}main.white[_ngcontent-c1]   .auth-block[_ngcontent-c1]   a[_ngcontent-c1]{color:#00abff}main.white[_ngcontent-c1]   .auth-block[_ngcontent-c1]   a[_ngcontent-c1]:hover{color:#0091d9}input[_ngcontent-c1], input[_ngcontent-c1]:focus{background:rgba(0,0,0,.15);color:#aaa}[_nghost-c1]     ba-language select.form-control{margin:10px;width:auto;min-width:120px;display:inline-block}[_nghost-c1]     main.white ba-language select.form-control{color:#fff}.otp-panel[_ngcontent-c1]   .text-lh-40[_ngcontent-c1]{line-height:40px}.read-me-panel[_ngcontent-c1]{margin-bottom:10px}.read-me-panel[_ngcontent-c1] &amp;gt; div[_ngcontent-c1]{color:#ddd;padding:15px 22px;border-radius:4px}.read-me-panel[_ngcontent-c1] &amp;gt; div.active[_ngcontent-c1]{background:rgba(106,106,106,.2);color:#fff}&lt;/style&gt;&lt;script charset="utf-8" src="1.59012c0f078424d1bb46.js"&gt;&lt;/script&gt;&lt;script charset="utf-8" src="2.6bf4ee386870b954efa5.js"&gt;&lt;/script&gt;&lt;script charset="utf-8" src="3.4b0595ef909a86f56b9d.js"&gt;&lt;/script&gt;&lt;script charset="utf-8" src="4.03da8255115ee255a5c7.js"&gt;&lt;/script&gt;&lt;script charset="utf-8" src="6.ce672cbc4a55b9dfea1b.js"&gt;&lt;/script&gt;&lt;script charset="utf-8" src="7.34f7bcba3f536af21334.js"&gt;&lt;/script&gt;&lt;script charset="utf-8" src="9.f7594c025d916982f19d.js"&gt;&lt;/script&gt;&lt;script charset="utf-8" src="11.902c2edda30903103004.js"&gt;&lt;/script&gt;&lt;script charset="utf-8" src="12.6582c6bf5c450c6ba20e.js"&gt;&lt;/script&gt;&lt;script charset="utf-8" src="14.88eda86e69d009e22a52.js"&gt;&lt;/script&gt;&lt;script charset="utf-8" src="17.ce19d3108645750a2487.js"&gt;&lt;/script&gt;&lt;script charset="utf-8" src="22.a8a97c9e17071e8683c5.js"&gt;&lt;/script&gt;&lt;script charset="utf-8" src="common.30b9a7d2893dd99eb77a.js"&gt;&lt;/script&gt;&lt;script charset="utf-8" src="39.c897a74308f9e17a1670.js"&gt;&lt;/script&gt;&lt;style&gt;.loading[_ngcontent-c2] {
    font-family: "Arial Black", "Arial Bold", Gadget, sans-serif;
    text-transform:uppercase;
    
    width:150px;
    text-align:center;
    line-height:50px;
    
    position:absolute;
    left:0;right:0;top:50%;
    margin:auto;
    transform:translateY(-50%);
  }

  .loading[_ngcontent-c2]   span[_ngcontent-c2] {
    display: inline-block;
    vertical-align: middle;
    width: .6em;
    height: .6em;
    margin: .19em;
    background: #007DB6;
    border-radius: .6em;
    animation: loading 1s infinite alternate;
  }

  
  .loading[_ngcontent-c2]   span[_ngcontent-c2]:nth-of-type(2) {background: #008FB2; animation-delay: 0.2s;}
  .loading[_ngcontent-c2]   span[_ngcontent-c2]:nth-of-type(3) {background: #009B9E; animation-delay: 0.4s;}
  .loading[_ngcontent-c2]   span[_ngcontent-c2]:nth-of-type(4) {background: #00A77D; animation-delay: 0.6s;}
  .loading[_ngcontent-c2]   span[_ngcontent-c2]:nth-of-type(5) {background: #00B247; animation-delay: 0.8s;}
  .loading[_ngcontent-c2]   span[_ngcontent-c2]:nth-of-type(6) {background: #5AB027; animation-delay: 1.0s;}
  .loading[_ngcontent-c2]   span[_ngcontent-c2]:nth-of-type(7) {background: #A0B61E; animation-delay: 1.2s;}

  
  @keyframes loading {0% {opacity: 0;} 100% {opacity: 1;}}
  
  ba-content-top[_ngcontent-c2]{display:none}
  @media (max-width: 767px) {
    //.al-content[_ngcontent-c2]{padding:8px 3px}
    ba-content-top[_ngcontent-c2]{display:block}
  }&lt;/style&gt;&lt;style&gt;.boss-know-panel[_ngcontent-c6]{border-radius:8px}.boss-know-panel[_ngcontent-c6]   .pic[_ngcontent-c6]{width:95%;max-width:413px}.boss-know-panel[_ngcontent-c6]   .btn-panel[_ngcontent-c6]   .btn[_ngcontent-c6]{width:calc(50% - 25px);max-width:199px;min-width:130px}.close_btn[_ngcontent-c6]{display:block;z-index:2;position:absolute;right:15px;top:10px;cursor:pointer}.close_btn[_ngcontent-c6]   i[_ngcontent-c6]{color:#111;font-size:1.2rem}.close_btn[_ngcontent-c6]   i[_ngcontent-c6]:hover{color:#ccc}@media screen and (max-width:500px){.close_btn[_ngcontent-c6]{right:15px;top:0}}&lt;/style&gt;&lt;style&gt;@charset "UTF-8";[_nghost-c3]     .al-sidebar{width:250px;top:66px;left:0;z-index:998;display:block;min-height:100%;background-color:#222;height:100%;position:fixed;overflow:hidden}[_nghost-c3]     .al-sidebar .caculation.un{position:absolute;left:0;top:730px;background:#2d4654;width:250px;height:180px;z-index:1}[_nghost-c3]     .al-sidebar.fixed{top:51px}[_nghost-c3]     .al-sidebar-list{margin:0;overflow:hidden;padding:18px 0 0;list-style:none}[_nghost-c3]     .al-sidebar-sublist .subitem-submenu-list{padding-left:15px}[_nghost-c3]     .subitem-submenu-link .fa{top:7px}[_nghost-c3]     .al-sidebar-list-item{display:block;position:relative;float:none;padding:0}[_nghost-c3]     .al-sidebar-list-item.selected:not(.with-sub-menu){background-color:#209e91}[_nghost-c3]     .al-sidebar-list-item.selected:not(.with-sub-menu) a.al-sidebar-list-disable, [_nghost-c3]     .al-sidebar-list-item.selected:not(.with-sub-menu) a.al-sidebar-list-link{color:#fff}[_nghost-c3]     .al-sidebar-list-item.selected:not(.with-sub-menu) a.al-sidebar-list-disable b, [_nghost-c3]     .al-sidebar-list-item.selected:not(.with-sub-menu) a.al-sidebar-list-link b{color:#fff}[_nghost-c3]     .ba-sidebar-item-expanded&amp;gt;ul.al-sidebar-sublist{display:block!important}[_nghost-c3]     .al-sidebar-list-item.ba-sidebar-item-expanded&amp;gt;.al-sidebar-list-disable b, [_nghost-c3]     .al-sidebar-list-item.ba-sidebar-item-expanded&amp;gt;.al-sidebar-list-link b, [_nghost-c3]     .ba-sidebar-sublist-item.ba-sidebar-item-expanded&amp;gt;.al-sidebar-list-disable b, [_nghost-c3]     .ba-sidebar-sublist-item.ba-sidebar-item-expanded&amp;gt;.al-sidebar-list-link b{-webkit-transform:rotate(180deg);transform:rotate(180deg)}[_nghost-c3]     .al-sidebar-list-item.ba-sidebar-item-expanded&amp;gt;.al-sidebar-sublist, [_nghost-c3]     .ba-sidebar-sublist-item.ba-sidebar-item-expanded&amp;gt;.al-sidebar-sublist{display:block}[_nghost-c3]     a.al-sidebar-list-disable, [_nghost-c3]     a.al-sidebar-list-link{display:block;height:42px;padding-left:18px;text-shadow:none;font-size:13px;text-decoration:none;color:#fff;line-height:42px;white-space:nowrap;overflow:hidden;cursor:pointer}[_nghost-c3]     a.al-sidebar-list-disable:hover, [_nghost-c3]     a.al-sidebar-list-link:hover{color:#209e91}[_nghost-c3]     a.al-sidebar-list-disable:hover b, [_nghost-c3]     a.al-sidebar-list-link:hover b{color:#209e91}[_nghost-c3]     a.al-sidebar-list-disable i, [_nghost-c3]     a.al-sidebar-list-link i{margin-right:18px;width:16px;display:inline-block}[_nghost-c3]     a.al-sidebar-list-disable b, [_nghost-c3]     a.al-sidebar-list-link b{display:block;opacity:1;width:14px;height:14px;line-height:14px;text-shadow:none;font-size:18px;position:absolute;right:10px;top:12px;padding:0;text-align:center;color:#fff;transition:-webkit-transform .2s linear;transition:transform .2s linear;transition:transform .2s linear,-webkit-transform .2s linear}[_nghost-c3]     .slimScrollBar, [_nghost-c3]     .slimScrollRail{border-radius:0!important;width:4px!important;left:246px}[_nghost-c3]     .al-sidebar-sublist{padding:0;list-style:none;position:relative;display:none}[_nghost-c3]     .al-sidebar-sublist.expanded{display:block}[_nghost-c3]     .al-sidebar-sublist&amp;gt;ba-menu-item&amp;gt;li{display:block;float:none;padding:0;border-bottom:none;position:relative}[_nghost-c3]     .al-sidebar-sublist&amp;gt;ba-menu-item&amp;gt;li a{display:block;text-shadow:none;font-size:13px;text-decoration:none;color:#fff;padding-left:52px;height:auto;line-height:34px}[_nghost-c3]     .al-sidebar-sublist&amp;gt;ba-menu-item&amp;gt;li a:hover{color:#209e91}[_nghost-c3]     .al-sidebar-sublist&amp;gt;ba-menu-item&amp;gt;li.selected:not(.with-sub-menu)&amp;gt;a{border:none}[_nghost-c3]     .al-sidebar-sublist&amp;gt;ba-menu-item&amp;gt;li.selected:not(.with-sub-menu)&amp;gt;a:hover{color:#fff}[_nghost-c3]     .sidebar-hover-elem{width:4px;background:#209e91;position:absolute;top:-150px;left:246px;transition:all .5s ease;transition-property:top,height;height:42px;display:block}[_nghost-c3]     .sidebar-select-elem{display:block;top:94px}[_nghost-c3]     .menu-collapsed .slimScrollBar, [_nghost-c3]     .menu-collapsed .slimScrollRail{display:none!important}&lt;/style&gt;&lt;style&gt;@charset "UTF-8";@-webkit-keyframes pulsate{30%{-webkit-transform:scale(.1,.1);opacity:0}35%{opacity:1}40%{-webkit-transform:scale(1.2,1.2);opacity:0}}.al-msg-center[_ngcontent-c4]{float:right;padding:0;list-style:none;margin:23px 20px 0 0}.al-msg-center[_ngcontent-c4]   li[_ngcontent-c4]{list-style:none;float:left;margin-left:30px}.al-msg-center[_ngcontent-c4]   li[_ngcontent-c4]:first-child{margin-left:0}.al-msg-center[_ngcontent-c4]   li[_ngcontent-c4] &amp;gt; a[_ngcontent-c4]{color:#fff;text-decoration:none;font-size:13px;position:relative}.al-msg-center[_ngcontent-c4]   li[_ngcontent-c4] &amp;gt; a[_ngcontent-c4]   .notificationRight[_ngcontent-c4]{display:inline-block;min-width:10px;padding:2px 4px;color:#fff;vertical-align:baseline;white-space:nowrap;text-align:center;border-radius:13px;text-shadow:none;line-height:11px;background-color:#e85656;position:absolute;top:-5px;right:-14px;font-size:11px}.al-msg-center[_ngcontent-c4]   li[_ngcontent-c4] &amp;gt; a[_ngcontent-c4]   .notificationLeft[_ngcontent-c4]{display:inline-block;min-width:10px;padding:2px 4px;color:#fff;vertical-align:baseline;white-space:nowrap;text-align:center;border-radius:13px;text-shadow:none;line-height:11px;background-color:#0997fd;position:absolute;top:-5px;right:20px;font-size:11px}.al-msg-center[_ngcontent-c4]   li[_ngcontent-c4] &amp;gt; a[_ngcontent-c4]   i[_ngcontent-c4]{font-size:20px}.al-msg-center[_ngcontent-c4]   li[_ngcontent-c4] &amp;gt; a[_ngcontent-c4]   .notification-ring-right[_ngcontent-c4]{border:1px solid #e85656;border-radius:100px;height:40px;width:40px;position:absolute;top:-18px;right:-27px;-webkit-animation:8s ease-out infinite pulsate;animation:8s ease-out infinite pulsate;opacity:0}.al-msg-center[_ngcontent-c4]   li[_ngcontent-c4] &amp;gt; a[_ngcontent-c4]   .notification-ring-left[_ngcontent-c4]{border:1px solid #0997fd;border-radius:100px;height:40px;width:40px;position:absolute;top:-17px;right:7px;-webkit-animation:8s ease-out infinite pulsate;animation:8s ease-out infinite pulsate;opacity:0}.al-msg-center[_ngcontent-c4]   li[_ngcontent-c4] &amp;gt; a[_ngcontent-c4]:hover{color:#e85656}.al-msg-center[_ngcontent-c4]   li[_ngcontent-c4] &amp;gt; a[_ngcontent-c4]:hover.msg{color:#209e91}.al-msg-center[_ngcontent-c4]   li[_ngcontent-c4] &amp;gt; a.msg[_ngcontent-c4]   span[_ngcontent-c4]{background-color:#209e91}.al-msg-center[_ngcontent-c4]   li[_ngcontent-c4] &amp;gt; a.msg[_ngcontent-c4]   .notification-ring[_ngcontent-c4]{border-color:#209e91}.al-msg-center[_ngcontent-c4]   li.open[_ngcontent-c4] &amp;gt; a[_ngcontent-c4]{color:#e85656}.al-msg-center[_ngcontent-c4]   li.open[_ngcontent-c4] &amp;gt; a.msg[_ngcontent-c4]{color:#209e91}@media (max-width:435px){.al-msg-center[_ngcontent-c4]{margin-right:20px}.al-msg-center[_ngcontent-c4]   li[_ngcontent-c4]{margin-left:20px}.al-msg-center[_ngcontent-c4]   li[_ngcontent-c4]:first-child{margin-left:0}}.msg-block-header[_ngcontent-c4]{display:inline-block;padding:0;font-size:13px;margin:0 0 0 6px}.top-dropdown-menu[_ngcontent-c4]{width:316px;left:auto;right:-47px;top:26px;padding:0}.top-dropdown-menu[_ngcontent-c4]   .focus[_ngcontent-c4]   .header[_ngcontent-c4]{background:rgba(239,92,92,.4);border-top-left-radius:5px;border-top-right-radius:5px}.top-dropdown-menu[_ngcontent-c4]   [_ngcontent-c4]::-webkit-scrollbar{width:.4em;height:.4em}.top-dropdown-menu[_ngcontent-c4]   body[_ngcontent-c4]{scrollbar-face-color:rgba(0,0,0,.5);scrollbar-track-color:#fff}.top-dropdown-menu[_ngcontent-c4]   .header[_ngcontent-c4]{padding:8px 10px;border-bottom:1px solid rgba(0,0,0,.2);background:rgba(0,205,255,.41)}.top-dropdown-menu[_ngcontent-c4]   .header[_ngcontent-c4]   strong[_ngcontent-c4]{text-align:left;color:#7d7d7d;font-size:15px;cursor:pointer}.top-dropdown-menu[_ngcontent-c4]   .header[_ngcontent-c4]   strong[_ngcontent-c4]:hover{text-decoration:underline}.top-dropdown-menu[_ngcontent-c4]   .header[_ngcontent-c4] &amp;gt; a[_ngcontent-c4]{margin-left:12px;text-decoration:none;font-size:.75rem;color:#d9534f!important;float:right;cursor:pointer}.top-dropdown-menu[_ngcontent-c4]   .header[_ngcontent-c4] &amp;gt; a[_ngcontent-c4]:hover{text-decoration:underline}.top-dropdown-menu[_ngcontent-c4]   .msg-list[_ngcontent-c4]{max-height:296px;overflow:scroll;overflow-x:hidden;border-bottom:1px solid rgba(0,0,0,.15)}.top-dropdown-menu[_ngcontent-c4]   .msg-list[_ngcontent-c4] &amp;gt; a[_ngcontent-c4]{border-top:1px solid rgba(0,0,0,.2);padding:10px 12px;display:block;text-decoration:none;color:#7d7d7d;font-size:12px}.top-dropdown-menu[_ngcontent-c4]   .msg-list[_ngcontent-c4] &amp;gt; a[_ngcontent-c4]:first-child{border-top:none}.top-dropdown-menu[_ngcontent-c4]   .msg-list[_ngcontent-c4] &amp;gt; a[_ngcontent-c4]   .img-area[_ngcontent-c4]{float:left;width:36px}.top-dropdown-menu[_ngcontent-c4]   .msg-list[_ngcontent-c4] &amp;gt; a[_ngcontent-c4]   .img-area[_ngcontent-c4]   img[_ngcontent-c4]{width:36px;height:36px}.top-dropdown-menu[_ngcontent-c4]   .msg-list[_ngcontent-c4] &amp;gt; a[_ngcontent-c4]   .img-area[_ngcontent-c4]   img.photo-msg-item[_ngcontent-c4]{border-radius:18px}.top-dropdown-menu[_ngcontent-c4]   .msg-list[_ngcontent-c4] &amp;gt; a[_ngcontent-c4]   .img-area[_ngcontent-c4] &amp;gt; div[_ngcontent-c4]{width:36px;height:36px;border-radius:4px;font-size:24px;text-align:center}.top-dropdown-menu[_ngcontent-c4]   .msg-list[_ngcontent-c4] &amp;gt; a[_ngcontent-c4]   .img-area[_ngcontent-c4] &amp;gt; div.comments[_ngcontent-c4], .top-dropdown-menu[_ngcontent-c4]   .msg-list[_ngcontent-c4] &amp;gt; a[_ngcontent-c4]   .img-area[_ngcontent-c4] &amp;gt; div.orders[_ngcontent-c4]{color:#dfb81c}.top-dropdown-menu[_ngcontent-c4]   .msg-list[_ngcontent-c4] &amp;gt; a[_ngcontent-c4]   .img-area[_ngcontent-c4] &amp;gt; div[_ngcontent-c4]   i[_ngcontent-c4]{width:36px;line-height:36px}.top-dropdown-menu[_ngcontent-c4]   .msg-list[_ngcontent-c4] &amp;gt; a[_ngcontent-c4]   .msg-area[_ngcontent-c4]   div[_ngcontent-c4]{color:#666;max-height:34px;overflow:hidden;text-overflow:ellipsis;font-size:16px;font-weight:600;padding:1px 5px}.top-dropdown-menu[_ngcontent-c4]   .msg-list[_ngcontent-c4] &amp;gt; a[_ngcontent-c4]   .msg-area[_ngcontent-c4]   div[_ngcontent-c4]   .time[_ngcontent-c4]{font-size:12px;float:right;font-weight:1}.top-dropdown-menu[_ngcontent-c4]   .msg-list[_ngcontent-c4] &amp;gt; a[_ngcontent-c4]   .msg-area[_ngcontent-c4]   .subTitle[_ngcontent-c4], .top-dropdown-menu[_ngcontent-c4]   .msg-list[_ngcontent-c4] &amp;gt; a[_ngcontent-c4]   .msg-area[_ngcontent-c4]   .title[_ngcontent-c4]{display:flex;justify-content:space-between}.top-dropdown-menu[_ngcontent-c4]   .msg-list[_ngcontent-c4] &amp;gt; a[_ngcontent-c4]   .msg-area[_ngcontent-c4]   .subTitle[_ngcontent-c4]   .listTop[_ngcontent-c4]{color:#666;text-align:left;display:block;font-size:15px;padding:1px 5px}.top-dropdown-menu[_ngcontent-c4]   .msg-list[_ngcontent-c4] &amp;gt; a[_ngcontent-c4]   .msg-area[_ngcontent-c4]   .subTitle[_ngcontent-c4]   .listUnder[_ngcontent-c4]{color:#0997fd;font-size:15px;padding:1px 5px;font-weight:1}.top-dropdown-menu[_ngcontent-c4]   .msg-list[_ngcontent-c4] &amp;gt; a[_ngcontent-c4]   .msg-area[_ngcontent-c4]   .subTitle[_ngcontent-c4]   .listUnder[_ngcontent-c4]   .listUnit[_ngcontent-c4]{color:#666}.top-dropdown-menu[_ngcontent-c4]   .msg-list[_ngcontent-c4] &amp;gt; a[_ngcontent-c4]   .msg-area.unUnder[_ngcontent-c4]{position:relative;cursor:pointer}.top-dropdown-menu[_ngcontent-c4]   .msg-list[_ngcontent-c4] &amp;gt; a[_ngcontent-c4]   .msg-area.unUnder[_ngcontent-c4]::before{content:' ● ';color:#e85656;font-size:8px;left:-2%;position:absolute;cursor:pointer}.top-dropdown-menu[_ngcontent-c4]   .msg-list[_ngcontent-c4] &amp;gt; a[_ngcontent-c4]   .msg-area.un[_ngcontent-c4]{position:relative;cursor:pointer}.top-dropdown-menu[_ngcontent-c4]   .msg-list[_ngcontent-c4] &amp;gt; a[_ngcontent-c4]   .msg-area.un[_ngcontent-c4]::before{content:' ● ';color:#0997fd;font-size:8px;left:-2%;position:absolute;cursor:pointer}.top-dropdown-menu[_ngcontent-c4]   .msg-list[_ngcontent-c4] &amp;gt; a[_ngcontent-c4]:hover{background:#e2f0ff}.top-dropdown-menu[_ngcontent-c4] &amp;gt; a[_ngcontent-c4]{border-top:1px solid rgba(0,0,0,.2);display:block;text-align:center;padding:10px;font-size:12px;text-decoration:none}.top-dropdown-menu[_ngcontent-c4] &amp;gt; a[_ngcontent-c4]:hover{color:#7d7d7d}.top-dropdown-menu.profile-dropdown[_ngcontent-c4]{max-width:220px;width:60%;min-width:195px;top:55px;right:-25px;padding-bottom:15px}.top-dropdown-menu.profile-dropdown[_ngcontent-c4]   a[_ngcontent-c4]{text-align:left;border:none;text-decoration:none;padding:8px 16px 8px 20px}.top-dropdown-menu.profile-dropdown[_ngcontent-c4]   a.signout[_ngcontent-c4]{border-top:1px solid rgba(0,0,0,.2)}.top-dropdown-menu.profile-dropdown[_ngcontent-c4]   a[_ngcontent-c4]   i[_ngcontent-c4]{margin-right:10px}.top-dropdown-menu.profile-dropdown[_ngcontent-c4]   i.dropdown-arr[_ngcontent-c4]{right:25px}.top-dropdown-menu[_ngcontent-c4]   i.dropdown-arr[_ngcontent-c4]{position:absolute;top:-22px;right:42px;display:block;width:0;height:0;border:11px solid transparent;border-bottom-color:#fff}.top-dropdown-menu[_ngcontent-c4]   i.dropdown-arr[_ngcontent-c4]:after{top:-9px;left:0;margin-left:-10px;content:" ";position:absolute;display:block;width:0;height:0;border:10px solid transparent;border-bottom-color:rgba(0,0,0,.2)}.btn.btn-primary.w-33[_ngcontent-c4]{float:right;margin:.5rem}@media (max-width:415px){.top-dropdown-menu[_ngcontent-c4]{right:-135px}.top-dropdown-menu[_ngcontent-c4]   i.dropdown-arr[_ngcontent-c4]{right:75px}}.bg--white[_ngcontent-c4]{background-color:#fff!important}[_nghost-c4]     #UserName.UserName{float:right;margin:30px 10px 0 0}[_nghost-c4]     #UserName.UserNameMenu{margin:10px 0 0 30px}[_nghost-c4]     .page-top{background-color:#000;position:fixed;z-index:900;height:66px;width:100%;min-width:320px;padding:0 32px 0 40px}[_nghost-c4]     .page-top .dropdown-toggle::after{display:none}[_nghost-c4]     .page-top .page-top.fixed_down{position:fixed;z-index:904}[_nghost-c4]     .page-top .page-top.fixed{position:absolute;top:-66px}[_nghost-c4]     .page-top .blur .page-top.scrolled{background-color:rgba(0,0,0,.85)}[_nghost-c4]     .page-top a.al-logo{color:#fff;display:block;font-size:24px;font-family:Arial,-apple-system,system-ui,BlinkMacSystemFont,"Segoe UI",Helvetica,sans-serif,Tahoma,SimSun,"Century Gothic","Microsoft YaHei";white-space:nowrap;float:left;outline:0!important;line-height:60px}[_nghost-c4]     .page-top a.al-logo span{color:#209e91}[_nghost-c4]     .page-top a.al-logo:hover{color:#209e91}[_nghost-c4]     .page-top .user-profile{float:right;min-width:50px;margin-top:10px}[_nghost-c4]     .page-top .al-user-profile{float:right;margin-right:12px;transition:all .15s ease-in-out;padding:0;width:36px;height:36px;border:0;opacity:1;position:relative}[_nghost-c4]     .page-top .al-user-profile ul.profile-dropdown:after{bottom:100%;right:0;border:10px solid rgba(255,255,255,0);content:" ";height:0;width:0;position:absolute;pointer-events:none;border-bottom-color:#fff;margin-right:28px}[_nghost-c4]     .page-top .al-user-profile a{display:block}[_nghost-c4]     .page-top .al-user-profile img{width:40px;height:40px;border-radius:50%}[_nghost-c4]     .page-top a.refresh-data{color:#fff;font-size:13px;text-decoration:none;font-weight:400;float:right;margin-top:13px;margin-right:26px}[_nghost-c4]     .page-top a.refresh-data:hover{color:#dfb81c!important}[_nghost-c4]     .page-top a.collapse-menu-link{font-size:31px;cursor:pointer;display:block;text-decoration:none;line-height:42px;color:#fff;padding:0;float:left;margin:11px 0 0 25px}[_nghost-c4]     .page-top a.collapse-menu-link:hover{text-decoration:none;color:#dfb81c}[_nghost-c4]     .page-top .al-skin-dropdown{float:right;margin-top:14px;margin-right:26px}[_nghost-c4]     .page-top .al-skin-dropdown .tpl-skin-panel{max-height:300px;overflow-y:scroll;overflow-x:hidden}[_nghost-c4]     .page-top .icon-palette{display:inline-block;width:14px;height:13px;background:url(/img/theme/palette.png) 0 0/cover}[_nghost-c4]     .page-top .search{text-shadow:none;font-size:13px;line-height:25px;transition:all .5s ease;white-space:nowrap;overflow:hidden;width:162px;float:left;margin:20px 0 0 30px}[_nghost-c4]     .page-top .search label{cursor:pointer}[_nghost-c4]     .page-top .search i{width:16px;display:inline-block;cursor:pointer;padding-left:1px;font-size:16px;margin-right:13px}[_nghost-c4]     .page-top .search input{color:#fff;background:0 0;border:none;outline:0;width:120px;padding:0;margin:0 0 0 -3px;height:27px}[_nghost-c4]     .page-top .toptop40 .al-breadcrumb{padding-left:40px}@media screen and (max-width:660px){[_nghost-c4]     .page-top .search{display:none}}@media screen and (max-width:500px){[_nghost-c4]     .page-top .page-top{padding:0 20px}}@media (max-width:435px){[_nghost-c4]     .page-top .user-profile{min-width:50px}[_nghost-c4]     .page-top a.refresh-data{margin-right:10px}[_nghost-c4]     .page-top a.collapse-menu-link{margin-left:18px}[_nghost-c4]     .page-top .al-skin-dropdown{display:none}}[_nghost-c4]     .page-top .profile-toggle-link{cursor:pointer}@media (max-width:767px){[_nghost-c4]     .page-top .UserName.mt-4{max-width:60px;overflow:hidden;text-overflow:ellipsis;white-space:nowrap}[_nghost-c4]     .toptop40{display:none}}@media screen and (max-width:991px){[_nghost-c4]     .page-top{position:absolute;top:0;left:0}[_nghost-c4]     a.al-logo{margin-left:-10px;margin-right:15px}}[_nghost-c4]     .user-profile--position{margin-left:23px;margin-top:15px}&lt;/style&gt;&lt;style&gt;@charset "UTF-8";.ba-back-top[_ngcontent-c5]{position:fixed;width:52px;height:52px;cursor:pointer;z-index:9999;display:none;text-decoration:none;left:40px;bottom:40px!important;font-size:45px;text-align:center;opacity:.5;background-color:rgba(0,0,0,.75);border-radius:50%;line-height:46px}.ba-back-top[_ngcontent-c5]:hover{opacity:.8}&lt;/style&gt;&lt;style&gt;@charset "UTF-8";&lt;/style&gt;&lt;style&gt;@charset "UTF-8";@-webkit-keyframes pulsate{30%{-webkit-transform:scale(.1,.1);opacity:0}35%{opacity:1}40%{-webkit-transform:scale(1.2,1.2);opacity:0}}.al-msg-center[_ngcontent-c8]{float:right;padding:0;list-style:none;margin:23px 20px 0 0}.al-msg-center[_ngcontent-c8]   li[_ngcontent-c8]{list-style:none;float:left;margin-left:30px}.al-msg-center[_ngcontent-c8]   li[_ngcontent-c8]:first-child{margin-left:0}.al-msg-center[_ngcontent-c8]   li[_ngcontent-c8] &amp;gt; a[_ngcontent-c8]{color:#fff;text-decoration:none;font-size:13px;position:relative}.al-msg-center[_ngcontent-c8]   li[_ngcontent-c8] &amp;gt; a[_ngcontent-c8]   .notificationRight[_ngcontent-c8]{display:inline-block;min-width:10px;padding:2px 4px;color:#fff;vertical-align:baseline;white-space:nowrap;text-align:center;border-radius:13px;text-shadow:none;line-height:11px;background-color:#e85656;position:absolute;top:-5px;right:-14px;font-size:11px}.al-msg-center[_ngcontent-c8]   li[_ngcontent-c8] &amp;gt; a[_ngcontent-c8]   .notificationLeft[_ngcontent-c8]{display:inline-block;min-width:10px;padding:2px 4px;color:#fff;vertical-align:baseline;white-space:nowrap;text-align:center;border-radius:13px;text-shadow:none;line-height:11px;background-color:#0997fd;position:absolute;top:-5px;right:20px;font-size:11px}.al-msg-center[_ngcontent-c8]   li[_ngcontent-c8] &amp;gt; a[_ngcontent-c8]   i[_ngcontent-c8]{font-size:20px}.al-msg-center[_ngcontent-c8]   li[_ngcontent-c8] &amp;gt; a[_ngcontent-c8]   .notification-ring-right[_ngcontent-c8]{border:1px solid #e85656;border-radius:100px;height:40px;width:40px;position:absolute;top:-18px;right:-27px;-webkit-animation:8s ease-out infinite pulsate;animation:8s ease-out infinite pulsate;opacity:0}.al-msg-center[_ngcontent-c8]   li[_ngcontent-c8] &amp;gt; a[_ngcontent-c8]   .notification-ring-left[_ngcontent-c8]{border:1px solid #0997fd;border-radius:100px;height:40px;width:40px;position:absolute;top:-17px;right:7px;-webkit-animation:8s ease-out infinite pulsate;animation:8s ease-out infinite pulsate;opacity:0}.al-msg-center[_ngcontent-c8]   li[_ngcontent-c8] &amp;gt; a[_ngcontent-c8]:hover{color:#e85656}.al-msg-center[_ngcontent-c8]   li[_ngcontent-c8] &amp;gt; a[_ngcontent-c8]:hover.msg{color:#209e91}.al-msg-center[_ngcontent-c8]   li[_ngcontent-c8] &amp;gt; a.msg[_ngcontent-c8]   span[_ngcontent-c8]{background-color:#209e91}.al-msg-center[_ngcontent-c8]   li[_ngcontent-c8] &amp;gt; a.msg[_ngcontent-c8]   .notification-ring[_ngcontent-c8]{border-color:#209e91}.al-msg-center[_ngcontent-c8]   li.open[_ngcontent-c8] &amp;gt; a[_ngcontent-c8]{color:#e85656}.al-msg-center[_ngcontent-c8]   li.open[_ngcontent-c8] &amp;gt; a.msg[_ngcontent-c8]{color:#209e91}@media (max-width:435px){.al-msg-center[_ngcontent-c8]{margin-right:20px}.al-msg-center[_ngcontent-c8]   li[_ngcontent-c8]{margin-left:20px}.al-msg-center[_ngcontent-c8]   li[_ngcontent-c8]:first-child{margin-left:0}}.msg-block-header[_ngcontent-c8]{display:inline-block;padding:0;font-size:13px;margin:0 0 0 6px}.top-dropdown-menu[_ngcontent-c8]{width:316px;left:auto;right:-47px;top:26px;padding:0}.top-dropdown-menu[_ngcontent-c8]   .focus[_ngcontent-c8]   .header[_ngcontent-c8]{background:rgba(239,92,92,.4);border-top-left-radius:5px;border-top-right-radius:5px}.top-dropdown-menu[_ngcontent-c8]   [_ngcontent-c8]::-webkit-scrollbar{width:.4em;height:.4em}.top-dropdown-menu[_ngcontent-c8]   body[_ngcontent-c8]{scrollbar-face-color:rgba(0,0,0,.5);scrollbar-track-color:#fff}.top-dropdown-menu[_ngcontent-c8]   .header[_ngcontent-c8]{padding:8px 10px;border-bottom:1px solid rgba(0,0,0,.2);background:rgba(0,205,255,.41)}.top-dropdown-menu[_ngcontent-c8]   .header[_ngcontent-c8]   strong[_ngcontent-c8]{text-align:left;color:#7d7d7d;font-size:15px;cursor:pointer}.top-dropdown-menu[_ngcontent-c8]   .header[_ngcontent-c8]   strong[_ngcontent-c8]:hover{text-decoration:underline}.top-dropdown-menu[_ngcontent-c8]   .header[_ngcontent-c8] &amp;gt; a[_ngcontent-c8]{margin-left:12px;text-decoration:none;font-size:.75rem;color:#d9534f!important;float:right;cursor:pointer}.top-dropdown-menu[_ngcontent-c8]   .header[_ngcontent-c8] &amp;gt; a[_ngcontent-c8]:hover{text-decoration:underline}.top-dropdown-menu[_ngcontent-c8]   .msg-list[_ngcontent-c8]{max-height:296px;overflow:scroll;overflow-x:hidden;border-bottom:1px solid rgba(0,0,0,.15)}.top-dropdown-menu[_ngcontent-c8]   .msg-list[_ngcontent-c8] &amp;gt; a[_ngcontent-c8]{border-top:1px solid rgba(0,0,0,.2);padding:10px 12px;display:block;text-decoration:none;color:#7d7d7d;font-size:12px}.top-dropdown-menu[_ngcontent-c8]   .msg-list[_ngcontent-c8] &amp;gt; a[_ngcontent-c8]:first-child{border-top:none}.top-dropdown-menu[_ngcontent-c8]   .msg-list[_ngcontent-c8] &amp;gt; a[_ngcontent-c8]   .img-area[_ngcontent-c8]{float:left;width:36px}.top-dropdown-menu[_ngcontent-c8]   .msg-list[_ngcontent-c8] &amp;gt; a[_ngcontent-c8]   .img-area[_ngcontent-c8]   img[_ngcontent-c8]{width:36px;height:36px}.top-dropdown-menu[_ngcontent-c8]   .msg-list[_ngcontent-c8] &amp;gt; a[_ngcontent-c8]   .img-area[_ngcontent-c8]   img.photo-msg-item[_ngcontent-c8]{border-radius:18px}.top-dropdown-menu[_ngcontent-c8]   .msg-list[_ngcontent-c8] &amp;gt; a[_ngcontent-c8]   .img-area[_ngcontent-c8] &amp;gt; div[_ngcontent-c8]{width:36px;height:36px;border-radius:4px;font-size:24px;text-align:center}.top-dropdown-menu[_ngcontent-c8]   .msg-list[_ngcontent-c8] &amp;gt; a[_ngcontent-c8]   .img-area[_ngcontent-c8] &amp;gt; div.comments[_ngcontent-c8], .top-dropdown-menu[_ngcontent-c8]   .msg-list[_ngcontent-c8] &amp;gt; a[_ngcontent-c8]   .img-area[_ngcontent-c8] &amp;gt; div.orders[_ngcontent-c8]{color:#dfb81c}.top-dropdown-menu[_ngcontent-c8]   .msg-list[_ngcontent-c8] &amp;gt; a[_ngcontent-c8]   .img-area[_ngcontent-c8] &amp;gt; div[_ngcontent-c8]   i[_ngcontent-c8]{width:36px;line-height:36px}.top-dropdown-menu[_ngcontent-c8]   .msg-list[_ngcontent-c8] &amp;gt; a[_ngcontent-c8]   .msg-area[_ngcontent-c8]   div[_ngcontent-c8]{color:#666;max-height:34px;overflow:hidden;text-overflow:ellipsis;font-size:16px;font-weight:600;padding:1px 5px}.top-dropdown-menu[_ngcontent-c8]   .msg-list[_ngcontent-c8] &amp;gt; a[_ngcontent-c8]   .msg-area[_ngcontent-c8]   div[_ngcontent-c8]   .time[_ngcontent-c8]{font-size:12px;float:right;font-weight:1}.top-dropdown-menu[_ngcontent-c8]   .msg-list[_ngcontent-c8] &amp;gt; a[_ngcontent-c8]   .msg-area[_ngcontent-c8]   .subTitle[_ngcontent-c8], .top-dropdown-menu[_ngcontent-c8]   .msg-list[_ngcontent-c8] &amp;gt; a[_ngcontent-c8]   .msg-area[_ngcontent-c8]   .title[_ngcontent-c8]{display:flex;justify-content:space-between}.top-dropdown-menu[_ngcontent-c8]   .msg-list[_ngcontent-c8] &amp;gt; a[_ngcontent-c8]   .msg-area[_ngcontent-c8]   .subTitle[_ngcontent-c8]   .listTop[_ngcontent-c8]{color:#666;text-align:left;display:block;font-size:15px;padding:1px 5px}.top-dropdown-menu[_ngcontent-c8]   .msg-list[_ngcontent-c8] &amp;gt; a[_ngcontent-c8]   .msg-area[_ngcontent-c8]   .subTitle[_ngcontent-c8]   .listUnder[_ngcontent-c8]{color:#0997fd;font-size:15px;padding:1px 5px;font-weight:1}.top-dropdown-menu[_ngcontent-c8]   .msg-list[_ngcontent-c8] &amp;gt; a[_ngcontent-c8]   .msg-area[_ngcontent-c8]   .subTitle[_ngcontent-c8]   .listUnder[_ngcontent-c8]   .listUnit[_ngcontent-c8]{color:#666}.top-dropdown-menu[_ngcontent-c8]   .msg-list[_ngcontent-c8] &amp;gt; a[_ngcontent-c8]   .msg-area.unUnder[_ngcontent-c8]{position:relative;cursor:pointer}.top-dropdown-menu[_ngcontent-c8]   .msg-list[_ngcontent-c8] &amp;gt; a[_ngcontent-c8]   .msg-area.unUnder[_ngcontent-c8]::before{content:' ● ';color:#e85656;font-size:8px;left:-2%;position:absolute;cursor:pointer}.top-dropdown-menu[_ngcontent-c8]   .msg-list[_ngcontent-c8] &amp;gt; a[_ngcontent-c8]   .msg-area.un[_ngcontent-c8]{position:relative;cursor:pointer}.top-dropdown-menu[_ngcontent-c8]   .msg-list[_ngcontent-c8] &amp;gt; a[_ngcontent-c8]   .msg-area.un[_ngcontent-c8]::before{content:' ● ';color:#0997fd;font-size:8px;left:-2%;position:absolute;cursor:pointer}.top-dropdown-menu[_ngcontent-c8]   .msg-list[_ngcontent-c8] &amp;gt; a[_ngcontent-c8]:hover{background:#e2f0ff}.top-dropdown-menu[_ngcontent-c8] &amp;gt; a[_ngcontent-c8]{border-top:1px solid rgba(0,0,0,.2);display:block;text-align:center;padding:10px;font-size:12px;text-decoration:none}.top-dropdown-menu[_ngcontent-c8] &amp;gt; a[_ngcontent-c8]:hover{color:#7d7d7d}.top-dropdown-menu.profile-dropdown[_ngcontent-c8]{max-width:220px;width:60%;min-width:195px;top:55px;right:-25px;padding-bottom:15px}.top-dropdown-menu.profile-dropdown[_ngcontent-c8]   a[_ngcontent-c8]{text-align:left;border:none;text-decoration:none;padding:8px 16px 8px 20px}.top-dropdown-menu.profile-dropdown[_ngcontent-c8]   a.signout[_ngcontent-c8]{border-top:1px solid rgba(0,0,0,.2)}.top-dropdown-menu.profile-dropdown[_ngcontent-c8]   a[_ngcontent-c8]   i[_ngcontent-c8]{margin-right:10px}.top-dropdown-menu.profile-dropdown[_ngcontent-c8]   i.dropdown-arr[_ngcontent-c8]{right:25px}.top-dropdown-menu[_ngcontent-c8]   i.dropdown-arr[_ngcontent-c8]{position:absolute;top:-22px;right:42px;display:block;width:0;height:0;border:11px solid transparent;border-bottom-color:#fff}.top-dropdown-menu[_ngcontent-c8]   i.dropdown-arr[_ngcontent-c8]:after{top:-9px;left:0;margin-left:-10px;content:" ";position:absolute;display:block;width:0;height:0;border:10px solid transparent;border-bottom-color:rgba(0,0,0,.2)}.btn.btn-primary.w-33[_ngcontent-c8]{float:right;margin:.5rem}@media (max-width:415px){.top-dropdown-menu[_ngcontent-c8]{right:-135px}.top-dropdown-menu[_ngcontent-c8]   i.dropdown-arr[_ngcontent-c8]{right:75px}}.bg--white[_ngcontent-c8]{background-color:#fff!important}&lt;/style&gt;&lt;style&gt;@charset "UTF-8";.middle_header[_ngcontent-c9]   .content-top[_ngcontent-c9]{padding-top:5px}.content-top[_ngcontent-c9]{padding-top:13px}h1.al-title[_ngcontent-c9]{font-weight:700;color:#fff;width:auto;margin:0;padding:0;font-size:24px;text-transform:capitalize;opacity:.9}.al-breadcrumb[_ngcontent-c9]{background:0 0;padding:11px 0 0;margin:0}.al-breadcrumb[_ngcontent-c9]   li[_ngcontent-c9]{font-size:18px;font-weight:400}.al-breadcrumb[_ngcontent-c9]   li.breadcrumb-item.active[_ngcontent-c9]{color:#fff}.al-look[_ngcontent-c9]{margin-right:10px;padding-top:10px}.al-look[_ngcontent-c9] &amp;gt; a[_ngcontent-c9]{font-size:19px}@media (max-width:767px){.content-top.clearfix[_ngcontent-c9]{padding:14px 0 5px!important}.al-breadcrumb[_ngcontent-c9]{padding-top:0;padding-left:.5rem}.al-breadcrumb[_ngcontent-c9]   li[_ngcontent-c9]{font-size:14px}}&lt;/style&gt;&lt;style&gt;.DefaultHome[_ngcontent-c11]{min-height:88vh;min-height:450px}.br-circle[_ngcontent-c11]{border-radius:50%}.DefaultHome[_ngcontent-c11]   .public-logo-circle-bottom[_ngcontent-c11], .DefaultHome[_ngcontent-c11]   .public-logo-circle-middle[_ngcontent-c11], .DefaultHome[_ngcontent-c11]   .public-logo-circle-top[_ngcontent-c11]{position:absolute;-webkit-transform:translate(-50%,-50%);transform:translate(-50%,-50%)}.DefaultHome[_ngcontent-c11]   .public-logo-circle-popup[_ngcontent-c11]{position:absolute;width:100%;height:100%;-webkit-animation:4s ease-out infinite pulsate2;animation:4s ease-out infinite pulsate2;opacity:0}.DefaultHome[_ngcontent-c11]   .public-logo-circle-bottom[_ngcontent-c11]{top:35vh;left:50%;width:40vw;height:40vw;min-width:320px;min-height:320px;max-width:560px;max-height:560px}.DefaultHome[_ngcontent-c11]   .public-logo-circle-middle[_ngcontent-c11]{top:50%;left:50%;width:calc(40vw - 45px);height:calc(40vw - 45px);min-width:290px;min-height:290px;max-width:515px;max-height:515px}.DefaultHome[_ngcontent-c11]   .public-logo-circle-top[_ngcontent-c11]{top:50%;left:50%;width:calc(40vw - 90px);height:calc(40vw - 90px);min-width:260px;min-height:260px;max-width:470px;max-height:470px}.DefaultHome[_ngcontent-c11]   .login_logo[_ngcontent-c11]{margin:50% auto;width:80%;height:34%;-webkit-transform:translate(0,-50%);transform:translate(0,-50%)}.DefaultHome[_ngcontent-c11]   .public-logo-space-full[_ngcontent-c11]{margin-top:15vh;width:40vw;height:40vw;min-width:320px;min-height:320px;max-width:560px;max-height:560px}.DefaultHome[_ngcontent-c11]   .br-fifteen-circle[_ngcontent-c11]{display:inline-block;padding:15px 22px;border-top:1px solid rgba(200,200,200,.25)}@media screen and (max-width:991px){.DefaultHome[_ngcontent-c11]   .public-logo-circle-bottom[_ngcontent-c11]{top:40vh}.DefaultHome[_ngcontent-c11]   .public-logo-space-full[_ngcontent-c11]{margin-top:25vh}}@media screen and (max-width:420px){.DefaultHome[_ngcontent-c11]   .public-logo-circle-bottom[_ngcontent-c11]{top:30vh}.DefaultHome[_ngcontent-c11]   .public-logo-space-full[_ngcontent-c11]{margin-top:20vh}}&lt;/style&gt;&lt;style&gt;.card-box[_ngcontent-c12]{transition:all .3s linear}.card--close[_ngcontent-c12]{max-height:0;overflow:hidden;padding-top:0;padding-bottom:0}&lt;/style&gt;&lt;/head&gt;

&lt;body class=""&gt;
  &lt;app _nghost-c0="" ng-version="7.1.3"&gt;&lt;main _ngcontent-c0="" bathemerun="" class="gold"&gt;&lt;div _ngcontent-c0="" class="additional-bg"&gt;&lt;/div&gt;&lt;router-outlet _ngcontent-c0=""&gt;&lt;/router-outlet&gt;&lt;pages _nghost-c2=""&gt;&lt;ba-sidebar _ngcontent-c2="" _nghost-c3=""&gt;&lt;aside _ngcontent-c3="" class="al-sidebar" sidebarresize=""&gt;&lt;div _ngcontent-c3="" class="al-sidebar-sitename" translate=""&gt;云报控台&lt;/div&gt;&lt;ba-menu _ngcontent-c3="" _nghost-c7=""&gt;&lt;ul _ngcontent-c7="" class="al-sidebar-list" id="al-sidebar-list"&gt;&lt;!----&gt;&lt;ba-menu-item _ngcontent-c7="" _nghost-c10=""&gt;&lt;!----&gt;&lt;li _ngcontent-c10="" class="al-sidebar-list-item" title="综合看板"&gt;&lt;!----&gt;&lt;!----&gt;&lt;a _ngcontent-c10="" class="al-sidebar-list-link" href="/pages/newdashboard"&gt;&lt;!----&gt;&lt;i _ngcontent-c10="" class="ion-easel"&gt;&lt;/i&gt;&lt;span _ngcontent-c10="" translate=""&gt;综合看板&lt;/span&gt;&lt;/a&gt;&lt;!----&gt;&lt;!----&gt;&lt;!----&gt;&lt;/li&gt;&lt;/ba-menu-item&gt;&lt;ba-menu-item _ngcontent-c7="" _nghost-c10=""&gt;&lt;!----&gt;&lt;li _ngcontent-c10="" class="al-sidebar-list-item" title="运营看板"&gt;&lt;!----&gt;&lt;!----&gt;&lt;a _ngcontent-c10="" class="al-sidebar-list-link" href="/pages/dashboard"&gt;&lt;!----&gt;&lt;i _ngcontent-c10="" class="ion-stats-bars"&gt;&lt;/i&gt;&lt;span _ngcontent-c10="" translate=""&gt;运营看板&lt;/span&gt;&lt;/a&gt;&lt;!----&gt;&lt;!----&gt;&lt;!----&gt;&lt;/li&gt;&lt;/ba-menu-item&gt;&lt;ba-menu-item _ngcontent-c7="" _nghost-c10=""&gt;&lt;!----&gt;&lt;li _ngcontent-c10="" class="al-sidebar-list-item" title="报表呈现"&gt;&lt;!----&gt;&lt;!----&gt;&lt;a _ngcontent-c10="" class="al-sidebar-list-link" href="/pages/reports"&gt;&lt;!----&gt;&lt;i _ngcontent-c10="" class="ion-document-text"&gt;&lt;/i&gt;&lt;span _ngcontent-c10="" translate=""&gt;报表呈现&lt;/span&gt;&lt;/a&gt;&lt;!----&gt;&lt;!----&gt;&lt;!----&gt;&lt;/li&gt;&lt;/ba-menu-item&gt;&lt;ba-menu-item _ngcontent-c7="" _nghost-c10=""&gt;&lt;!----&gt;&lt;li _ngcontent-c10="" class="al-sidebar-list-item" title="站台列表"&gt;&lt;!----&gt;&lt;!----&gt;&lt;a _ngcontent-c10="" class="al-sidebar-list-link" href="/pages/sitelist"&gt;&lt;!----&gt;&lt;i _ngcontent-c10="" class="ion-earth"&gt;&lt;/i&gt;&lt;span _ngcontent-c10="" translate=""&gt;站台列表&lt;/span&gt;&lt;/a&gt;&lt;!----&gt;&lt;!----&gt;&lt;!----&gt;&lt;/li&gt;&lt;/ba-menu-item&gt;&lt;ba-menu-item _ngcontent-c7="" _nghost-c10=""&gt;&lt;!----&gt;&lt;li _ngcontent-c10="" class="al-sidebar-list-item" title="站台比较"&gt;&lt;!----&gt;&lt;!----&gt;&lt;a _ngcontent-c10="" class="al-sidebar-list-link" href="/pages/site-comparison"&gt;&lt;!----&gt;&lt;i _ngcontent-c10="" class="ion-ios-list"&gt;&lt;/i&gt;&lt;span _ngcontent-c10="" translate=""&gt;站台比较&lt;/span&gt;&lt;/a&gt;&lt;!----&gt;&lt;!----&gt;&lt;!----&gt;&lt;/li&gt;&lt;/ba-menu-item&gt;&lt;ba-menu-item _ngcontent-c7="" _nghost-c10=""&gt;&lt;!----&gt;&lt;li _ngcontent-c10="" class="al-sidebar-list-item with-sub-menu" title="站台概况"&gt;&lt;!----&gt;&lt;!----&gt;&lt;!----&gt;&lt;!----&gt;&lt;a _ngcontent-c10="" class="al-sidebar-list-link" href=""&gt;&lt;!----&gt;&lt;i _ngcontent-c10="" class="ion-android-people"&gt;&lt;/i&gt;&lt;span _ngcontent-c10="" translate=""&gt;站台概况&lt;/span&gt;&lt;b _ngcontent-c10="" class="fa fa-angle-down"&gt;&lt;/b&gt;&lt;/a&gt;&lt;!----&gt;&lt;ul _ngcontent-c10="" class="al-sidebar-sublist"&gt;&lt;!----&gt;&lt;ba-menu-item _ngcontent-c10="" _nghost-c10=""&gt;&lt;!----&gt;&lt;li _ngcontent-c10="" class="ba-sidebar-sublist-item" title="金流解析"&gt;&lt;!----&gt;&lt;!----&gt;&lt;a _ngcontent-c10="" class="al-sidebar-list-link" href="/pages/memberprofile/goldflow-analysis"&gt;&lt;!----&gt;&lt;span _ngcontent-c10="" translate=""&gt;金流解析&lt;/span&gt;&lt;/a&gt;&lt;!----&gt;&lt;!----&gt;&lt;!----&gt;&lt;/li&gt;&lt;/ba-menu-item&gt;&lt;/ul&gt;&lt;/li&gt;&lt;/ba-menu-item&gt;&lt;ba-menu-item _ngcontent-c7="" _nghost-c10=""&gt;&lt;!----&gt;&lt;li _ngcontent-c10="" class="al-sidebar-list-item" title="游戏解析"&gt;&lt;!----&gt;&lt;!----&gt;&lt;a _ngcontent-c10="" class="al-sidebar-list-link" href="/pages/gameanalysis"&gt;&lt;!----&gt;&lt;i _ngcontent-c10="" class="ion-ios-game-controller-b"&gt;&lt;/i&gt;&lt;span _ngcontent-c10="" translate=""&gt;游戏解析&lt;/span&gt;&lt;/a&gt;&lt;!----&gt;&lt;!----&gt;&lt;!----&gt;&lt;/li&gt;&lt;/ba-menu-item&gt;&lt;ba-menu-item _ngcontent-c7="" _nghost-c10=""&gt;&lt;!----&gt;&lt;li _ngcontent-c10="" class="al-sidebar-list-item with-sub-menu" title="对帐资讯"&gt;&lt;!----&gt;&lt;!----&gt;&lt;!----&gt;&lt;!----&gt;&lt;a _ngcontent-c10="" class="al-sidebar-list-link" href=""&gt;&lt;!----&gt;&lt;i _ngcontent-c10="" class="ion-document-text"&gt;&lt;/i&gt;&lt;span _ngcontent-c10="" translate=""&gt;对帐资讯&lt;/span&gt;&lt;b _ngcontent-c10="" class="fa fa-angle-down"&gt;&lt;/b&gt;&lt;/a&gt;&lt;!----&gt;&lt;ul _ngcontent-c10="" class="al-sidebar-sublist"&gt;&lt;!----&gt;&lt;ba-menu-item _ngcontent-c10="" _nghost-c10=""&gt;&lt;!----&gt;&lt;li _ngcontent-c10="" class="ba-sidebar-sublist-item with-sub-menu" title="娱乐城"&gt;&lt;!----&gt;&lt;!----&gt;&lt;!----&gt;&lt;!----&gt;&lt;a _ngcontent-c10="" class="al-sidebar-list-link" href=""&gt;&lt;!----&gt;&lt;span _ngcontent-c10="" translate=""&gt;娱乐城&lt;/span&gt;&lt;b _ngcontent-c10="" class="fa fa-angle-down"&gt;&lt;/b&gt;&lt;/a&gt;&lt;!----&gt;&lt;ul _ngcontent-c10="" class="al-sidebar-sublist"&gt;&lt;!----&gt;&lt;ba-menu-item _ngcontent-c10="" _nghost-c10=""&gt;&lt;!----&gt;&lt;li _ngcontent-c10="" class="ba-sidebar-sublist-item" title="对帐查询"&gt;&lt;!----&gt;&lt;!----&gt;&lt;a _ngcontent-c10="" class="al-sidebar-list-link" href="/pages/paymentinfo/casino/gamehall"&gt;&lt;!----&gt;&lt;span _ngcontent-c10="" translate=""&gt;对帐查询&lt;/span&gt;&lt;/a&gt;&lt;!----&gt;&lt;!----&gt;&lt;!----&gt;&lt;/li&gt;&lt;/ba-menu-item&gt;&lt;/ul&gt;&lt;/li&gt;&lt;/ba-menu-item&gt;&lt;ba-menu-item _ngcontent-c10="" _nghost-c10=""&gt;&lt;!----&gt;&lt;li _ngcontent-c10="" class="ba-sidebar-sublist-item with-sub-menu" title="站台"&gt;&lt;!----&gt;&lt;!----&gt;&lt;!----&gt;&lt;!----&gt;&lt;a _ngcontent-c10="" class="al-sidebar-list-link" href=""&gt;&lt;!----&gt;&lt;span _ngcontent-c10="" translate=""&gt;站台&lt;/span&gt;&lt;b _ngcontent-c10="" class="fa fa-angle-down"&gt;&lt;/b&gt;&lt;/a&gt;&lt;!----&gt;&lt;ul _ngcontent-c10="" class="al-sidebar-sublist"&gt;&lt;!----&gt;&lt;ba-menu-item _ngcontent-c10="" _nghost-c10=""&gt;&lt;!----&gt;&lt;li _ngcontent-c10="" class="ba-sidebar-sublist-item" title="贡献金查询"&gt;&lt;!----&gt;&lt;!----&gt;&lt;a _ngcontent-c10="" class="al-sidebar-list-link" href="/pages/paymentinfo/site/contribution"&gt;&lt;!----&gt;&lt;span _ngcontent-c10="" translate=""&gt;贡献金查询&lt;/span&gt;&lt;/a&gt;&lt;!----&gt;&lt;!----&gt;&lt;!----&gt;&lt;/li&gt;&lt;/ba-menu-item&gt;&lt;ba-menu-item _ngcontent-c10="" _nghost-c10=""&gt;&lt;!----&gt;&lt;li _ngcontent-c10="" class="ba-sidebar-sublist-item" title="钱包转换查询"&gt;&lt;!----&gt;&lt;!----&gt;&lt;a _ngcontent-c10="" class="al-sidebar-list-link" href="/pages/paymentinfo/site/wallet"&gt;&lt;!----&gt;&lt;span _ngcontent-c10="" translate=""&gt;钱包转换查询&lt;/span&gt;&lt;/a&gt;&lt;!----&gt;&lt;!----&gt;&lt;!----&gt;&lt;/li&gt;&lt;/ba-menu-item&gt;&lt;ba-menu-item _ngcontent-c10="" _nghost-c10=""&gt;&lt;!----&gt;&lt;li _ngcontent-c10="" class="ba-sidebar-sublist-item" title="对帐查询"&gt;&lt;!----&gt;&lt;!----&gt;&lt;a _ngcontent-c10="" class="al-sidebar-list-link" href="/pages/paymentinfo/site/sitereport"&gt;&lt;!----&gt;&lt;span _ngcontent-c10="" translate=""&gt;对帐查询&lt;/span&gt;&lt;/a&gt;&lt;!----&gt;&lt;!----&gt;&lt;!----&gt;&lt;/li&gt;&lt;/ba-menu-item&gt;&lt;ba-menu-item _ngcontent-c10="" _nghost-c10=""&gt;&lt;!----&gt;&lt;li _ngcontent-c10="" class="ba-sidebar-sublist-item" title="抽佣设定"&gt;&lt;!----&gt;&lt;!----&gt;&lt;a _ngcontent-c10="" class="al-sidebar-list-link" href="/pages/paymentinfo/site/rentset"&gt;&lt;!----&gt;&lt;span _ngcontent-c10="" translate=""&gt;抽佣设定&lt;/span&gt;&lt;/a&gt;&lt;!----&gt;&lt;!----&gt;&lt;!----&gt;&lt;/li&gt;&lt;/ba-menu-item&gt;&lt;ba-menu-item _ngcontent-c10="" _nghost-c10=""&gt;&lt;!----&gt;&lt;li _ngcontent-c10="" class="ba-sidebar-sublist-item" title="优惠设定"&gt;&lt;!----&gt;&lt;!----&gt;&lt;a _ngcontent-c10="" class="al-sidebar-list-link" href="/pages/paymentinfo/site/offerset"&gt;&lt;!----&gt;&lt;span _ngcontent-c10="" translate=""&gt;优惠设定&lt;/span&gt;&lt;/a&gt;&lt;!----&gt;&lt;!----&gt;&lt;!----&gt;&lt;/li&gt;&lt;/ba-menu-item&gt;&lt;ba-menu-item _ngcontent-c10="" _nghost-c10=""&gt;&lt;!----&gt;&lt;li _ngcontent-c10="" class="ba-sidebar-sublist-item" title="累计查询"&gt;&lt;!----&gt;&lt;!----&gt;&lt;a _ngcontent-c10="" class="al-sidebar-list-link" href="/pages/paymentinfo/site/cumulative"&gt;&lt;!----&gt;&lt;span _ngcontent-c10="" translate=""&gt;累计查询&lt;/span&gt;&lt;/a&gt;&lt;!----&gt;&lt;!----&gt;&lt;!----&gt;&lt;/li&gt;&lt;/ba-menu-item&gt;&lt;/ul&gt;&lt;/li&gt;&lt;/ba-menu-item&gt;&lt;/ul&gt;&lt;/li&gt;&lt;/ba-menu-item&gt;&lt;ba-menu-item _ngcontent-c7="" _nghost-c10=""&gt;&lt;!----&gt;&lt;li _ngcontent-c10="" class="al-sidebar-list-item" title="维护与活动纪录"&gt;&lt;!----&gt;&lt;!----&gt;&lt;a _ngcontent-c10="" class="al-sidebar-list-link" href="/pages/activity"&gt;&lt;!----&gt;&lt;i _ngcontent-c10="" class="ion-alert-circled"&gt;&lt;/i&gt;&lt;span _ngcontent-c10="" translate=""&gt;维护与活动纪录&lt;/span&gt;&lt;/a&gt;&lt;!----&gt;&lt;!----&gt;&lt;!----&gt;&lt;/li&gt;&lt;/ba-menu-item&gt;&lt;ba-menu-item _ngcontent-c7="" _nghost-c10=""&gt;&lt;!----&gt;&lt;li _ngcontent-c10="" class="al-sidebar-list-item with-sub-menu" title="分群管理"&gt;&lt;!----&gt;&lt;!----&gt;&lt;!----&gt;&lt;!----&gt;&lt;a _ngcontent-c10="" class="al-sidebar-list-link" href=""&gt;&lt;!----&gt;&lt;i _ngcontent-c10="" class="fa fa-clone"&gt;&lt;/i&gt;&lt;span _ngcontent-c10="" translate=""&gt;分群管理&lt;/span&gt;&lt;b _ngcontent-c10="" class="fa fa-angle-down"&gt;&lt;/b&gt;&lt;/a&gt;&lt;!----&gt;&lt;ul _ngcontent-c10="" class="al-sidebar-sublist"&gt;&lt;!----&gt;&lt;ba-menu-item _ngcontent-c10="" _nghost-c10=""&gt;&lt;!----&gt;&lt;li _ngcontent-c10="" class="ba-sidebar-sublist-item" title="分群列表"&gt;&lt;!----&gt;&lt;!----&gt;&lt;a _ngcontent-c10="" class="al-sidebar-list-link" href="/pages/groupinfo/list"&gt;&lt;!----&gt;&lt;span _ngcontent-c10="" translate=""&gt;分群列表&lt;/span&gt;&lt;/a&gt;&lt;!----&gt;&lt;!----&gt;&lt;!----&gt;&lt;/li&gt;&lt;/ba-menu-item&gt;&lt;/ul&gt;&lt;/li&gt;&lt;/ba-menu-item&gt;&lt;ba-menu-item _ngcontent-c7="" _nghost-c10=""&gt;&lt;!----&gt;&lt;li _ngcontent-c10="" class="al-sidebar-list-item with-sub-menu" title="公告信息"&gt;&lt;!----&gt;&lt;!----&gt;&lt;!----&gt;&lt;!----&gt;&lt;a _ngcontent-c10="" class="al-sidebar-list-link" href=""&gt;&lt;!----&gt;&lt;i _ngcontent-c10="" class="fa fa-bell"&gt;&lt;/i&gt;&lt;span _ngcontent-c10="" translate=""&gt;公告信息&lt;/span&gt;&lt;b _ngcontent-c10="" class="fa fa-angle-down"&gt;&lt;/b&gt;&lt;/a&gt;&lt;!----&gt;&lt;ul _ngcontent-c10="" class="al-sidebar-sublist"&gt;&lt;!----&gt;&lt;ba-menu-item _ngcontent-c10="" _nghost-c10=""&gt;&lt;!----&gt;&lt;li _ngcontent-c10="" class="ba-sidebar-sublist-item" title="新增公告信息"&gt;&lt;!----&gt;&lt;!----&gt;&lt;a _ngcontent-c10="" class="al-sidebar-list-link" href="/pages/announcement/add"&gt;&lt;!----&gt;&lt;span _ngcontent-c10="" translate=""&gt;新增公告信息&lt;/span&gt;&lt;/a&gt;&lt;!----&gt;&lt;!----&gt;&lt;!----&gt;&lt;/li&gt;&lt;/ba-menu-item&gt;&lt;ba-menu-item _ngcontent-c10="" _nghost-c10=""&gt;&lt;!----&gt;&lt;li _ngcontent-c10="" class="ba-sidebar-sublist-item" title="公告信息列表"&gt;&lt;!----&gt;&lt;!----&gt;&lt;a _ngcontent-c10="" class="al-sidebar-list-link" href="/pages/announcement/list"&gt;&lt;!----&gt;&lt;span _ngcontent-c10="" translate=""&gt;公告信息列表&lt;/span&gt;&lt;/a&gt;&lt;!----&gt;&lt;!----&gt;&lt;!----&gt;&lt;/li&gt;&lt;/ba-menu-item&gt;&lt;ba-menu-item _ngcontent-c10="" _nghost-c10=""&gt;&lt;!----&gt;&lt;li _ngcontent-c10="" class="ba-sidebar-sublist-item" title="公告信息管理列表"&gt;&lt;!----&gt;&lt;!----&gt;&lt;a _ngcontent-c10="" class="al-sidebar-list-link" href="/pages/announcement/list-mgt"&gt;&lt;!----&gt;&lt;span _ngcontent-c10="" translate=""&gt;公告信息管理列表&lt;/span&gt;&lt;/a&gt;&lt;!----&gt;&lt;!----&gt;&lt;!----&gt;&lt;/li&gt;&lt;/ba-menu-item&gt;&lt;/ul&gt;&lt;/li&gt;&lt;/ba-menu-item&gt;&lt;ba-menu-item _ngcontent-c7="" _nghost-c10=""&gt;&lt;!----&gt;&lt;li _ngcontent-c10="" class="al-sidebar-list-item with-sub-menu" title="设定"&gt;&lt;!----&gt;&lt;!----&gt;&lt;!----&gt;&lt;!----&gt;&lt;a _ngcontent-c10="" class="al-sidebar-list-link" href=""&gt;&lt;!----&gt;&lt;i _ngcontent-c10="" class="fa fa-cog"&gt;&lt;/i&gt;&lt;span _ngcontent-c10="" translate=""&gt;设定&lt;/span&gt;&lt;b _ngcontent-c10="" class="fa fa-angle-down"&gt;&lt;/b&gt;&lt;/a&gt;&lt;!----&gt;&lt;ul _ngcontent-c10="" class="al-sidebar-sublist"&gt;&lt;!----&gt;&lt;ba-menu-item _ngcontent-c10="" _nghost-c10=""&gt;&lt;!----&gt;&lt;li _ngcontent-c10="" class="ba-sidebar-sublist-item" title="更改密码"&gt;&lt;!----&gt;&lt;!----&gt;&lt;a _ngcontent-c10="" class="al-sidebar-list-link" href="/pages/settings/changepwd"&gt;&lt;!----&gt;&lt;span _ngcontent-c10="" translate=""&gt;更改密码&lt;/span&gt;&lt;/a&gt;&lt;!----&gt;&lt;!----&gt;&lt;!----&gt;&lt;/li&gt;&lt;/ba-menu-item&gt;&lt;ba-menu-item _ngcontent-c10="" _nghost-c10=""&gt;&lt;!----&gt;&lt;li _ngcontent-c10="" class="ba-sidebar-sublist-item" title="帐号设定"&gt;&lt;!----&gt;&lt;!----&gt;&lt;a _ngcontent-c10="" class="al-sidebar-list-link" href="/pages/settings/profile"&gt;&lt;!----&gt;&lt;span _ngcontent-c10="" translate=""&gt;帐号设定&lt;/span&gt;&lt;/a&gt;&lt;!----&gt;&lt;!----&gt;&lt;!----&gt;&lt;/li&gt;&lt;/ba-menu-item&gt;&lt;/ul&gt;&lt;/li&gt;&lt;/ba-menu-item&gt;&lt;/ul&gt;&lt;div _ngcontent-c7="" class="sidebar-hover-elem"&gt;&lt;/div&gt;&lt;/ba-menu&gt;&lt;/aside&gt;&lt;/ba-sidebar&gt;&lt;ba-page-top _ngcontent-c2="" class="ba-page-top" _nghost-c4=""&gt;&lt;div _ngcontent-c4="" bascrollposition="" class="page-top clearfix animated" maxheight="50"&gt;&lt;a _ngcontent-c4="" class="al-logo clearfix"&gt;&lt;div _ngcontent-c4="" class="icon-logo"&gt;&lt;/div&gt;&lt;/a&gt;&lt;a _ngcontent-c4="" class="collapse-menu-link ion-navicon" href=""&gt;&lt;/a&gt;&lt;div _ngcontent-c4="" class="user-profile clearfix"&gt;&lt;div _ngcontent-c4="" class="al-user-profile dropdown" ngbdropdown="" placement="bottom-right"&gt;&lt;a _ngcontent-c4="" aria-haspopup="true" class="profile-toggle-link dropdown-toggle dropdown-toggle" id="user-profile-dd" ngbdropdowntoggle="" aria-expanded="false"&gt;&lt;img _ngcontent-c4="" src="assets/img/app/profile/User.png" /&gt;&lt;/a&gt;&lt;ul _ngcontent-c4="" aria-labelledby="user-profile-dd" class="dropdown-menu top-dropdown-menu profile-dropdown user-profile--position" ngbdropdownmenu="" x-placement="bottom-right"&gt;&lt;div _ngcontent-c4="" class="UserNameMenu" id="UserName"&gt;Test1&lt;/div&gt;&lt;li _ngcontent-c4="" class="dropdown-item"&gt;&lt;a _ngcontent-c4="" routerlink="/pages/settings/profile" translate="general.topnav.profile" href="/pages/settings/profile"&gt;&lt;i _ngcontent-c4="" class="fa fa-cog"&gt;&lt;/i&gt;个人设定&lt;/a&gt;&lt;/li&gt;&lt;li _ngcontent-c4="" class="dropdown-item"&gt;&lt;a _ngcontent-c4="" routerlink="/pages/settings/changepwd" translate="general.topnav.chgpwd" href="/pages/settings/changepwd"&gt;&lt;i _ngcontent-c4="" class="fa fa-key"&gt;&lt;/i&gt;更改密码&lt;/a&gt;&lt;/li&gt;&lt;li _ngcontent-c4="" class="dropdown-item"&gt;&lt;a _ngcontent-c4="" class="signout" routerlink="/logout" translate="general.topnav.signout" href="/logout"&gt;&lt;i _ngcontent-c4="" class="fa fa-power-off"&gt;&lt;/i&gt;登出&lt;/a&gt;&lt;/li&gt;&lt;/ul&gt;&lt;/div&gt;&lt;/div&gt;&lt;div _ngcontent-c4="" class="UserName mt-4" id="UserName"&gt;Test1&lt;/div&gt;&lt;ba-msg-center _ngcontent-c4="" _nghost-c8=""&gt;&lt;ul _ngcontent-c8="" class="al-msg-center clearfix"&gt;&lt;li _ngcontent-c8="" class="dropdown"&gt;&lt;a _ngcontent-c8="" aria-expanded="false" class="dropdown-toggle" data-toggle="dropdown" href="" id="msg-dd1"&gt;&lt;i _ngcontent-c8="" class="fa fa-commenting-o"&gt;&lt;/i&gt;&lt;!----&gt;&lt;!----&gt;&lt;!----&gt;&lt;!----&gt;&lt;/a&gt;&lt;div _ngcontent-c8="" aria-labelledby="msg-dd1" class="top-dropdown-menu dropdown-menu bg--white"&gt;&lt;div _ngcontent-c8="" class="notice bg--white"&gt;&lt;div _ngcontent-c8="" class="header clearfix"&gt;&lt;i _ngcontent-c8="" class="ion-ios-bell"&gt;&lt;/i&gt;&lt;strong _ngcontent-c8=""&gt;公告讯息&lt;/strong&gt;&lt;a _ngcontent-c8=""&gt;清除全部&lt;/a&gt;&lt;/div&gt;&lt;div _ngcontent-c8="" class="msg-list bg--white"&gt;&lt;!----&gt;&lt;/div&gt;&lt;!----&gt;&lt;div _ngcontent-c8="" class="p-2 bg--white"&gt;目前没有未读讯息!&lt;/div&gt;&lt;button _ngcontent-c8="" class="btn btn-primary w-33 "&gt;更多&lt;/button&gt;&lt;div _ngcontent-c8="" class="clearfix mb-3 bg--white"&gt;&lt;/div&gt;&lt;/div&gt;&lt;div _ngcontent-c8="" class="focus bg--white"&gt;&lt;div _ngcontent-c8="" class="header"&gt;&lt;i _ngcontent-c8="" class="ion-arrow-right-b ml-1"&gt;&lt;/i&gt;&lt;strong _ngcontent-c8=""&gt;关键讯息-已达标&lt;/strong&gt;&lt;a _ngcontent-c8=""&gt;清除全部&lt;/a&gt;&lt;/div&gt;&lt;div _ngcontent-c8="" class="msg-list bg--white"&gt;&lt;!----&gt;&lt;/div&gt;&lt;!----&gt;&lt;div _ngcontent-c8="" class="p-2 bg--white"&gt;目前没有未读讯息!&lt;/div&gt;&lt;button _ngcontent-c8="" class="btn btn-primary w-33"&gt;更多&lt;/button&gt;&lt;/div&gt;&lt;/div&gt;&lt;/li&gt;&lt;/ul&gt;&lt;/ba-msg-center&gt;&lt;ba-content-top _ngcontent-c4="" class="toptop40" _nghost-c9=""&gt;&lt;div _ngcontent-c9="" class="content-top clearfix"&gt;&lt;ul _ngcontent-c9="" class="breadcrumb al-breadcrumb"&gt;&lt;li _ngcontent-c9="" class="breadcrumb-item"&gt;&lt;a _ngcontent-c9="" routerlink="/pages/dashboard" translate="" href="/pages/dashboard"&gt;首页&lt;/a&gt;&lt;/li&gt;&lt;li _ngcontent-c9="" class="breadcrumb-item active" translate=""&gt;&lt;/li&gt;&lt;/ul&gt;&lt;/div&gt;&lt;/ba-content-top&gt;&lt;/div&gt;&lt;!----&gt;&lt;div _ngcontent-c4="" class="loader-panel load-xs-go p-2"&gt;&lt;i _ngcontent-c4="" class="ion-ios-close-empty"&gt;&lt;/i&gt;&lt;div _ngcontent-c4="" class="loader JS_on"&gt;&lt;span _ngcontent-c4="" class="binary"&gt;&lt;/span&gt;&lt;span _ngcontent-c4="" class="binary"&gt;&lt;/span&gt;&lt;span _ngcontent-c4="" class="getting-there"&gt;每日結算中...(99%)&lt;/span&gt;&lt;/div&gt;&lt;/div&gt;&lt;!----&gt;&lt;/ba-page-top&gt;&lt;div _ngcontent-c2="" class="al-main"&gt;&lt;!----&gt;&lt;div _ngcontent-c2="" class="al-content"&gt;&lt;router-outlet _ngcontent-c2=""&gt;&lt;/router-outlet&gt;&lt;app-pages-default-home _nghost-c11=""&gt;&lt;ba-card _ngcontent-c11="" _nghost-c12=""&gt;&lt;div _ngcontent-c12="" bacardblur="" zoom-in="" class="animated fadeIn card  "&gt;&lt;!----&gt;&lt;div _ngcontent-c12="" class="card-body card-box"&gt;&lt;div _ngcontent-c11="" class="row"&gt;&lt;div _ngcontent-c11="" class="col-12 DefaultHome"&gt;&lt;div _ngcontent-c11="" class="public-logo-circle-bottom br-circle"&gt;&lt;div _ngcontent-c11="" class="public-logo-circle-popup br-circle"&gt;&lt;/div&gt;&lt;div _ngcontent-c11="" class="public-logo-circle-middle br-circle"&gt;&lt;div _ngcontent-c11="" class="public-logo-circle-top br-circle"&gt;&lt;div _ngcontent-c11="" class="login_logo"&gt;&lt;/div&gt;&lt;/div&gt;&lt;/div&gt;&lt;/div&gt;&lt;div _ngcontent-c11="" class="public-logo-space-full"&gt;&lt;/div&gt;&lt;div _ngcontent-c11="" class="text-center h3"&gt;2019/05/03&lt;/div&gt;&lt;div _ngcontent-c11="" class="text-center mb-4"&gt; 星期五 &lt;/div&gt;&lt;div _ngcontent-c11="" class="text-center mb-5"&gt;&lt;div _ngcontent-c11="" class="br-fifteen-circle"&gt; 欢迎您！ Test1 &lt;/div&gt;&lt;/div&gt;&lt;/div&gt;&lt;/div&gt;&lt;/div&gt;&lt;/div&gt;&lt;/ba-card&gt;&lt;/app-pages-default-home&gt;&lt;/div&gt;&lt;!----&gt;&lt;/div&gt;&lt;ba-back-top _ngcontent-c2="" _nghost-c5=""&gt;&lt;i _ngcontent-c5="" class="fa fa-angle-up back-top ba-back-top" title="Back to Top"&gt;&lt;/i&gt;&lt;/ba-back-top&gt;&lt;/pages&gt;&lt;/main&gt;&lt;/app&gt;

  &lt;style&gt;@-webkit-keyframes spin{0%{transform:rotate(0)}100%{transform:rotate(360deg)}}@-moz-keyframes spin{0%{-moz-transform:rotate(0)}100%{-moz-transform:rotate(360deg)}}@keyframes spin{0%{transform:rotate(0)}100%{transform:rotate(360deg)}}.idxSpinner{position:fixed;top:0;left:0;width:100%;height:100%;z-index:1003;background: #000000;overflow:hidden}  .idxSpinner div:first-child{display:block;position:relative;left:50%;top:50%;width:150px;height:150px;margin:-75px 0 0 -75px;border-radius:50%;box-shadow:0 3px 3px 0 rgba(255,56,106,1);transform:translate3d(0,0,0);animation:spin 2s linear infinite}  .idxSpinner div:first-child:after,.idxSpinner div:first-child:before{content:'';position:absolute;border-radius:50%}  .idxSpinner div:first-child:before{top:5px;left:5px;right:5px;bottom:5px;box-shadow:0 3px 3px 0 rgb(255, 228, 32);-webkit-animation:spin 3s linear infinite;animation:spin 3s linear infinite}  .idxSpinner div:first-child:after{top:15px;left:15px;right:15px;bottom:15px;box-shadow:0 3px 3px 0 rgba(61, 175, 255,1);animation:spin 1.5s linear infinite}&lt;/style&gt;
  &lt;div id="nb-global-spinner" class="idxSpinner" style="display: none;"&gt;
    &lt;div class="blob blob-0"&gt;&lt;/div&gt;
    &lt;div class="blob blob-1"&gt;&lt;/div&gt;
    &lt;div class="blob blob-2"&gt;&lt;/div&gt;
    &lt;div class="blob blob-3"&gt;&lt;/div&gt;
    &lt;div class="blob blob-4"&gt;&lt;/div&gt;
    &lt;div class="blob blob-5"&gt;&lt;/div&gt;
  &lt;/div&gt;
&lt;script type="text/javascript" src="runtime.0e2316105796bbe69ee5.js"&gt;&lt;/script&gt;&lt;script type="text/javascript" src="polyfills.dc60c75911a52f03b12d.js"&gt;&lt;/script&gt;&lt;script type="text/javascript" src="scripts.9ba21c6549299ce49370.js"&gt;&lt;/script&gt;&lt;script type="text/javascript" src="main.d300dd818607e8d0a703.js"&gt;&lt;/script&gt;


&lt;/body&gt;&lt;/html&gt;</msg>
<kw name="Capture Page Screenshot" library="Selenium2Library">
<doc>Takes screenshot of the current page and embeds it into log file.</doc>
<msg timestamp="20190503 14:47:17.123" level="INFO" html="yes">&lt;/td&gt;&lt;/tr&gt;&lt;tr&gt;&lt;td colspan="3"&gt;&lt;a href="selenium-screenshot-60.png"&gt;&lt;img src="selenium-screenshot-60.png" width="800px"&gt;&lt;/a&gt;</msg>
<status status="PASS" starttime="20190503 14:47:16.711" endtime="20190503 14:47:17.124"></status>
</kw>
<msg timestamp="20190503 14:47:17.125" level="FAIL">Page should have contained element '//div[@class='container bg-white boss-know-panel']//button[1]' but did not.</msg>
<status status="FAIL" starttime="20190503 14:47:06.655" endtime="20190503 14:47:17.125"></status>
</kw>
<msg timestamp="20190503 14:47:17.125" level="INFO">${Result} = False</msg>
<status status="PASS" starttime="20190503 14:47:06.655" endtime="20190503 14:47:17.125"></status>
</kw>
<kw name="Run Keyword If" library="BuiltIn">
<doc>Runs the given keyword with the given arguments, if ``condition`` is true.</doc>
<arguments>
<arg>'${Result}'=='True'</arg>
<arg>Click Element</arg>
<arg>//div[@class='container bg-white boss-know-panel']//button[1]</arg>
<arg>ELSE</arg>
<arg>No Operation</arg>
</arguments>
<kw name="No Operation" library="BuiltIn">
<doc>Does absolutely nothing.</doc>
<status status="PASS" starttime="20190503 14:47:17.126" endtime="20190503 14:47:17.126"></status>
</kw>
<status status="PASS" starttime="20190503 14:47:17.125" endtime="20190503 14:47:17.126"></status>
</kw>
<status status="PASS" starttime="20190503 14:46:58.654" endtime="20190503 14:47:17.126"></status>
</kw>
<kw name="Click Sidebar Link" library="keyword_common">
<arguments>
<arg>运营看板</arg>
</arguments>
<kw name="Sleep" library="BuiltIn">
<doc>Pauses the test executed for the given time.</doc>
<arguments>
<arg>30s</arg>
</arguments>
<msg timestamp="20190503 14:47:47.127" level="INFO">Slept 30 seconds</msg>
<status status="PASS" starttime="20190503 14:47:17.127" endtime="20190503 14:47:47.127"></status>
</kw>
<kw name="Wait Until Page Contains Element" library="Selenium2Library">
<doc>Waits until element ``locator`` appears on current page.</doc>
<arguments>
<arg>//li[@title="${title}"]</arg>
</arguments>
<status status="PASS" starttime="20190503 14:47:47.127" endtime="20190503 14:47:47.138"></status>
</kw>
<kw name="Click Element" library="Selenium2Library">
<doc>Click element identified by ``locator``.</doc>
<arguments>
<arg>//li[@title="${title}"]</arg>
</arguments>
<msg timestamp="20190503 14:47:47.138" level="INFO">Clicking element '//li[@title="运营看板"]'.</msg>
<status status="PASS" starttime="20190503 14:47:47.138" endtime="20190503 14:47:47.188"></status>
</kw>
<status status="PASS" starttime="20190503 14:47:17.127" endtime="20190503 14:47:47.188"></status>
</kw>
<kw name="Sleep" library="BuiltIn">
<doc>Pauses the test executed for the given time.</doc>
<arguments>
<arg>10s</arg>
</arguments>
<msg timestamp="20190503 14:47:57.190" level="INFO">Slept 10 seconds</msg>
<status status="PASS" starttime="20190503 14:47:47.189" endtime="20190503 14:47:57.190"></status>
</kw>
<kw name="Check Game Information Link" library="keyword_gameanalysis">
<doc>Click operational information link to check link is correct</doc>
<arguments>
<arg>游戏解析</arg>
</arguments>
<kw name="Click Topbar Link" library="keyword_common">
<arguments>
<arg>${title}</arg>
</arguments>
<kw name="Wait Until Page Contains Element" library="Selenium2Library">
<doc>Waits until element ``locator`` appears on current page.</doc>
<arguments>
<arg>//a[@class='borderr_1px'][contains(.,'${title}')]</arg>
</arguments>
<status status="PASS" starttime="20190503 14:47:57.191" endtime="20190503 14:47:57.205"></status>
</kw>
<kw name="Click Element" library="Selenium2Library">
<doc>Click element identified by ``locator``.</doc>
<arguments>
<arg>//a[@class='borderr_1px'][contains(.,'${title}')]</arg>
</arguments>
<msg timestamp="20190503 14:47:57.206" level="INFO">Clicking element '//a[@class='borderr_1px'][contains(.,'游戏解析')]'.</msg>
<status status="PASS" starttime="20190503 14:47:57.205" endtime="20190503 14:47:57.292"></status>
</kw>
<status status="PASS" starttime="20190503 14:47:57.190" endtime="20190503 14:47:57.292"></status>
</kw>
<status status="PASS" starttime="20190503 14:47:57.190" endtime="20190503 14:47:57.292"></status>
</kw>
[...]
<msg timestamp="20190503 15:04:29.211" level="INFO">Length is 7</msg>
<status status="PASS" starttime="20190503 15:04:29.211" endtime="20190503 15:04:29.211"></status>
</kw>
<kw name="Run Keyword And Return Status" library="BuiltIn">
<doc>Runs the given keyword with given arguments and returns the status as a Boolean value.</doc>
<arguments>
<arg>Should Not Match</arg>
<arg>${valueA}</arg>
<arg>${valueB}</arg>
</arguments>
<assign>
<var>${result}</var>
</assign>
<kw name="Should Not Match" library="BuiltIn">
<doc>Fails if the given ``string`` matches the given ``pattern``.</doc>
<arguments>
<arg>${valueA}</arg>
<arg>${valueB}</arg>
</arguments>
<status status="PASS" starttime="20190503 15:04:29.212" endtime="20190503 15:04:29.212"></status>
</kw>
<msg timestamp="20190503 15:04:29.212" level="INFO">${result} = True</msg>
<status status="PASS" starttime="20190503 15:04:29.211" endtime="20190503 15:04:29.212"></status>
</kw>
<kw name="Run Keyword If" library="BuiltIn">
<doc>Runs the given keyword with the given arguments, if ``condition`` is true.</doc>
<arguments>
<arg>'${result}'=='False'</arg>
<arg>Capture Page Screenshot</arg>
<arg>ELSE</arg>
<arg>No Operation</arg>
</arguments>
<kw name="No Operation" library="BuiltIn">
<doc>Does absolutely nothing.</doc>
<status status="PASS" starttime="20190503 15:04:29.213" endtime="20190503 15:04:29.213"></status>
</kw>
<status status="PASS" starttime="20190503 15:04:29.213" endtime="20190503 15:04:29.213"></status>
</kw>
<status status="PASS" starttime="20190503 15:03:22.858" endtime="20190503 15:04:29.213"></status>
</kw>
<kw name="Run Keyword If Test Failed" library="BuiltIn" type="teardown">
<doc>Runs the given keyword with the given arguments, if the test failed.</doc>
<arguments>
<arg>Capture Page Screenshot</arg>
</arguments>
<status status="PASS" starttime="20190503 15:04:29.214" endtime="20190503 15:04:29.214"></status>
</kw>
<tags>
<tag>Login</tag>
</tags>
<status status="PASS" starttime="20190503 15:02:50.160" endtime="20190503 15:04:29.214" critical="yes"></status>
</test>
<test id="s1-t8" name="New Field">
<kw name="Wait Until Page Contains Element" library="Selenium2Library">
<doc>Waits until element ``locator`` appears on current page.</doc>
<arguments>
<arg>//ba-card[@id='analysis-main-panel']//div/span[@class='add-field-border']/i</arg>
</arguments>
<status status="PASS" starttime="20190503 15:04:29.216" endtime="20190503 15:04:29.226"></status>
</kw>
<kw name="Click Element" library="Selenium2Library">
<doc>Click element identified by ``locator``.</doc>
<arguments>
<arg>//ba-card[@id='analysis-main-panel']//div/span[@class='add-field-border']/i</arg>
</arguments>
<msg timestamp="20190503 15:04:29.226" level="INFO">Clicking element '//ba-card[@id='analysis-main-panel']//div/span[@class='add-field-border']/i'.</msg>
<status status="PASS" starttime="20190503 15:04:29.226" endtime="20190503 15:04:29.295"></status>
</kw>
<kw name="Sleep" library="BuiltIn">
<doc>Pauses the test executed for the given time.</doc>
<arguments>
<arg>4s</arg>
</arguments>
<msg timestamp="20190503 15:04:33.298" level="INFO">Slept 4 seconds</msg>
<status status="PASS" starttime="20190503 15:04:29.295" endtime="20190503 15:04:33.298"></status>
</kw>
<kw name="Wait Until Page Contains Element" library="Selenium2Library">
<doc>Waits until element ``locator`` appears on current page.</doc>
<arguments>
<arg>//div[@class='custom_field_fast_column_item']/div/span[contains(.,' 推荐排序')]</arg>
</arguments>
<status status="PASS" starttime="20190503 15:04:33.298" endtime="20190503 15:04:33.308"></status>
</kw>
<kw name="Click Element" library="Selenium2Library">
<doc>Click element identified by ``locator``.</doc>
<arguments>
<arg>//div[@class='custom_field_fast_column_item']/div/span[contains(.,' 推荐排序')]</arg>
</arguments>
<msg timestamp="20190503 15:04:33.308" level="INFO">Clicking element '//div[@class='custom_field_fast_column_item']/div/span[contains(.,' 推荐排序')]'.</msg>
<status status="PASS" starttime="20190503 15:04:33.308" endtime="20190503 15:04:33.354"></status>
</kw>
<kw name="Sleep" library="BuiltIn">
<doc>Pauses the test executed for the given time.</doc>
<arguments>
<arg>5s</arg>
</arguments>
<msg timestamp="20190503 15:04:38.356" level="INFO">Slept 5 seconds</msg>
<status status="PASS" starttime="20190503 15:04:33.355" endtime="20190503 15:04:38.356"></status>
</kw>
<kw name="Click Element" library="Selenium2Library">
<doc>Click element identified by ``locator``.</doc>
<arguments>
<arg>//div[@class='custom_field_fast_column_item']/div/span[contains(.,' 游戏人次')]</arg>
</arguments>
<msg timestamp="20190503 15:04:38.356" level="INFO">Clicking element '//div[@class='custom_field_fast_column_item']/div/span[contains(.,' 游戏人次')]'.</msg>
<status status="PASS" starttime="20190503 15:04:38.356" endtime="20190503 15:04:38.411"></status>
</kw>
<kw name="Sleep" library="BuiltIn">
<doc>Pauses the test executed for the given time.</doc>
<arguments>
<arg>5s</arg>
</arguments>
<msg timestamp="20190503 15:04:43.413" level="INFO">Slept 5 seconds</msg>
<status status="PASS" starttime="20190503 15:04:38.412" endtime="20190503 15:04:43.413"></status>
</kw>
<kw name="Click Element" library="Selenium2Library">
<doc>Click element identified by ``locator``.</doc>
<arguments>
<arg>//div[@class='custom_field_fast_column_item']/div/span[contains(.,' 流失率')]</arg>
</arguments>
<msg timestamp="20190503 15:04:43.413" level="INFO">Clicking element '//div[@class='custom_field_fast_column_item']/div/span[contains(.,' 流失率')]'.</msg>
<status status="PASS" starttime="20190503 15:04:43.413" endtime="20190503 15:04:43.460"></status>
</kw>
<kw name="Sleep" library="BuiltIn">
<doc>Pauses the test executed for the given time.</doc>
<arguments>
<arg>40s</arg>
</arguments>
<msg timestamp="20190503 15:05:23.462" level="INFO">Slept 40 seconds</msg>
<status status="PASS" starttime="20190503 15:04:43.460" endtime="20190503 15:05:23.462"></status>
</kw>
<kw name="Click Element" library="Selenium2Library">
<doc>Click element identified by ``locator``.</doc>
<arguments>
<arg>//div[@class='custom_field_save-wrp text-center']/button[contains(.,' 確定 ')]</arg>
</arguments>
<msg timestamp="20190503 15:05:23.462" level="INFO">Clicking element '//div[@class='custom_field_save-wrp text-center']/button[contains(.,' 確定 ')]'.</msg>
<status status="PASS" starttime="20190503 15:05:23.462" endtime="20190503 15:05:23.573"></status>
</kw>
<kw name="Page Should Contain Element" library="Selenium2Library">
<doc>Verifies that element ``locator`` is found on the current page.</doc>
<arguments>
<arg>//div[@id='tableData']/table/thead/tr/td[@class='hotrank-td']</arg>
</arguments>
<msg timestamp="20190503 15:05:23.587" level="INFO">Current page contains element '//div[@id='tableData']/table/thead/tr/td[@class='hotrank-td']'.</msg>
<status status="PASS" starttime="20190503 15:05:23.574" endtime="20190503 15:05:23.587"></status>
</kw>
<kw name="Page Should Not Contain Element" library="Selenium2Library">
<doc>Verifies that element ``locator`` is found on the current page.</doc>
<arguments>
<arg>//div[@id='tableData']/table/thead/tr/td[@class='trend-td']</arg>
</arguments>
<msg timestamp="20190503 15:05:33.644" level="INFO">Current page does not contain element '//div[@id='tableData']/table/thead/tr/td[@class='trend-td']'.</msg>
<status status="PASS" starttime="20190503 15:05:23.588" endtime="20190503 15:05:33.644"></status>
</kw>
<kw name="Page Should Contain Element" library="Selenium2Library">
<doc>Verifies that element ``locator`` is found on the current page.</doc>
<arguments>
<arg>//div[@id='tableData']/table/thead/tr/td[@class='percentage-td']</arg>
</arguments>
<msg timestamp="20190503 15:05:33.654" level="INFO">Current page contains element '//div[@id='tableData']/table/thead/tr/td[@class='percentage-td']'.</msg>
<status status="PASS" starttime="20190503 15:05:33.645" endtime="20190503 15:05:33.654"></status>
</kw>
<tags>
<tag>Login</tag>
</tags>
<status status="PASS" starttime="20190503 15:04:29.216" endtime="20190503 15:05:33.655" critical="yes"></status>
</test>
<test id="s1-t9" name="Modularization">
<kw name="Sleep" library="BuiltIn">
<doc>Pauses the test executed for the given time.</doc>
<arguments>
<arg>10s</arg>
</arguments>
<msg timestamp="20190503 15:05:43.657" level="INFO">Slept 10 seconds</msg>
<status status="PASS" starttime="20190503 15:05:33.657" endtime="20190503 15:05:43.657"></status>
</kw>
<kw name="Wait Until Page Contains Element" library="Selenium2Library">
<doc>Waits until element ``locator`` appears on current page.</doc>
<arguments>
<arg>//div[@id='tableData']//tbody/tr[2]/td[@class='icon-Circles-td']</arg>
</arguments>
<status status="PASS" starttime="20190503 15:05:43.657" endtime="20190503 15:05:43.668"></status>
</kw>
<kw name="Click Element" library="Selenium2Library">
<doc>Click element identified by ``locator``.</doc>
<arguments>
<arg>//div[@id='tableData']//tbody/tr[2]/td[@class='icon-Circles-td']</arg>
</arguments>
<msg timestamp="20190503 15:05:43.669" level="INFO">Clicking element '//div[@id='tableData']//tbody/tr[2]/td[@class='icon-Circles-td']'.</msg>
<status status="PASS" starttime="20190503 15:05:43.669" endtime="20190503 15:05:43.745"></status>
</kw>
<kw name="Wait Until Page Contains Element" library="Selenium2Library">
<doc>Waits until element ``locator`` appears on current page.</doc>
<arguments>
<arg>//div[@class='chart-area']//canvas</arg>
</arguments>
<status status="PASS" starttime="20190503 15:05:43.746" endtime="20190503 15:05:43.765"></status>
</kw>
<kw name="Sleep" library="BuiltIn">
<doc>Pauses the test executed for the given time.</doc>
<arguments>
<arg>5s</arg>
</arguments>
<msg timestamp="20190503 15:05:48.768" level="INFO">Slept 5 seconds</msg>
<status status="PASS" starttime="20190503 15:05:43.766" endtime="20190503 15:05:48.768"></status>
</kw>
<kw name="Mouse Over" library="Selenium2Library">
<doc>Simulates hovering mouse over the element ``locator``.</doc>
<arguments>
<arg>//div[@class='chart-area']//canvas</arg>
</arguments>
<msg timestamp="20190503 15:05:48.769" level="INFO">Simulating Mouse Over on element '//div[@class='chart-area']//canvas'.</msg>
<status status="PASS" starttime="20190503 15:05:48.768" endtime="20190503 15:05:48.806"></status>
</kw>
<kw name="Capture Page Screenshot" library="Selenium2Library">
<doc>Takes screenshot of the current page and embeds it into log file.</doc>
<msg timestamp="20190503 15:05:49.170" level="INFO" html="yes">&lt;/td&gt;&lt;/tr&gt;&lt;tr&gt;&lt;td colspan="3"&gt;&lt;a href="selenium-screenshot-93.png"&gt;&lt;img src="selenium-screenshot-93.png" width="800px"&gt;&lt;/a&gt;</msg>
<status status="PASS" starttime="20190503 15:05:48.806" endtime="20190503 15:05:49.170"></status>
</kw>
<kw name="Click Element" library="Selenium2Library">
<doc>Click element identified by ``locator``.</doc>
<arguments>
<arg>//div[@class='slidechart']//div[@class='btn-group dropdown']/button[contains(.,'损益')]</arg>
</arguments>
<msg timestamp="20190503 15:05:49.170" level="INFO">Clicking element '//div[@class='slidechart']//div[@class='btn-group dropdown']/button[contains(.,'损益')]'.</msg>
<status status="PASS" starttime="20190503 15:05:49.170" endtime="20190503 15:05:49.248"></status>
</kw>
<kw name="Wait Until Page Contains Element" library="Selenium2Library">
<doc>Waits until element ``locator`` appears on current page.</doc>
<arguments>
<arg>//div[@class='slidechart']//ul/li[contains(.,'有效投注')]</arg>
</arguments>
<status status="PASS" starttime="20190503 15:05:49.249" endtime="20190503 15:05:49.274"></status>
</kw>
<kw name="Click Element" library="Selenium2Library">
<doc>Click element identified by ``locator``.</doc>
<arguments>
<arg>//div[@class='slidechart']//ul/li[contains(.,'有效投注')]</arg>
</arguments>
<msg timestamp="20190503 15:05:49.275" level="INFO">Clicking element '//div[@class='slidechart']//ul/li[contains(.,'有效投注')]'.</msg>
<status status="PASS" starttime="20190503 15:05:49.275" endtime="20190503 15:05:49.376"></status>
</kw>
<kw name="Sleep" library="BuiltIn">
<doc>Pauses the test executed for the given time.</doc>
<arguments>
<arg>5s</arg>
</arguments>
<msg timestamp="20190503 15:05:54.378" level="INFO">Slept 5 seconds</msg>
<status status="PASS" starttime="20190503 15:05:49.377" endtime="20190503 15:05:54.378"></status>
</kw>
<kw name="Capture Page Screenshot" library="Selenium2Library">
<doc>Takes screenshot of the current page and embeds it into log file.</doc>
<msg timestamp="20190503 15:05:54.734" level="INFO" html="yes">&lt;/td&gt;&lt;/tr&gt;&lt;tr&gt;&lt;td colspan="3"&gt;&lt;a href="selenium-screenshot-94.png"&gt;&lt;img src="selenium-screenshot-94.png" width="800px"&gt;&lt;/a&gt;</msg>
<status status="PASS" starttime="20190503 15:05:54.378" endtime="20190503 15:05:54.734"></status>
</kw>
<kw name="Click Element" library="Selenium2Library">
<doc>Click element identified by ``locator``.</doc>
<arguments>
<arg>//div[@class='slidechart']//button[contains(.,'有效投注')]</arg>
</arguments>
<msg timestamp="20190503 15:05:54.734" level="INFO">Clicking element '//div[@class='slidechart']//button[contains(.,'有效投注')]'.</msg>
<status status="PASS" starttime="20190503 15:05:54.734" endtime="20190503 15:05:54.792"></status>
</kw>
<kw name="Wait Until Page Contains Element" library="Selenium2Library">
<doc>Waits until element ``locator`` appears on current page.</doc>
<arguments>
<arg>//div[@class='slidechart']//ul/li[contains(.,'投注单量')]</arg>
</arguments>
<status status="PASS" starttime="20190503 15:05:54.792" endtime="20190503 15:05:54.807"></status>
</kw>
<kw name="Click Element" library="Selenium2Library">
<doc>Click element identified by ``locator``.</doc>
<arguments>
<arg>//div[@class='slidechart']//ul/li[contains(.,'投注单量')]</arg>
</arguments>
<msg timestamp="20190503 15:05:54.807" level="INFO">Clicking element '//div[@class='slidechart']//ul/li[contains(.,'投注单量')]'.</msg>
<status status="PASS" starttime="20190503 15:05:54.807" endtime="20190503 15:05:54.873"></status>
</kw>
<kw name="Sleep" library="BuiltIn">
<doc>Pauses the test executed for the given time.</doc>
<arguments>
<arg>5s</arg>
</arguments>
<msg timestamp="20190503 15:05:59.873" level="INFO">Slept 5 seconds</msg>
<status status="PASS" starttime="20190503 15:05:54.873" endtime="20190503 15:05:59.873"></status>
</kw>
<kw name="Capture Page Screenshot" library="Selenium2Library">
<doc>Takes screenshot of the current page and embeds it into log file.</doc>
<msg timestamp="20190503 15:06:00.253" level="INFO" html="yes">&lt;/td&gt;&lt;/tr&gt;&lt;tr&gt;&lt;td colspan="3"&gt;&lt;a href="selenium-screenshot-95.png"&gt;&lt;img src="selenium-screenshot-95.png" width="800px"&gt;&lt;/a&gt;</msg>
<status status="PASS" starttime="20190503 15:05:59.873" endtime="20190503 15:06:00.253"></status>
</kw>
<kw name="Click Element" library="Selenium2Library">
<doc>Click element identified by ``locator``.</doc>
<arguments>
<arg>//div[@class='slidechart']//button[contains(.,'投注单量')]</arg>
</arguments>
<msg timestamp="20190503 15:06:00.254" level="INFO">Clicking element '//div[@class='slidechart']//button[contains(.,'投注单量')]'.</msg>
<status status="PASS" starttime="20190503 15:06:00.254" endtime="20190503 15:06:00.312"></status>
</kw>
<kw name="Wait Until Page Contains Element" library="Selenium2Library">
<doc>Waits until element ``locator`` appears on current page.</doc>
<arguments>
<arg>//div[@class='slidechart']//ul/li[contains(.,'游戏人次')]</arg>
</arguments>
<status status="PASS" starttime="20190503 15:06:00.313" endtime="20190503 15:06:00.338"></status>
</kw>
<kw name="Click Element" library="Selenium2Library">
<doc>Click element identified by ``locator``.</doc>
<arguments>
<arg>//div[@class='slidechart']//ul/li[contains(.,'游戏人次')]</arg>
</arguments>
<msg timestamp="20190503 15:06:00.338" level="INFO">Clicking element '//div[@class='slidechart']//ul/li[contains(.,'游戏人次')]'.</msg>
<status status="PASS" starttime="20190503 15:06:00.338" endtime="20190503 15:06:00.412"></status>
</kw>
<kw name="Sleep" library="BuiltIn">
<doc>Pauses the test executed for the given time.</doc>
<arguments>
<arg>5s</arg>
</arguments>
<msg timestamp="20190503 15:06:05.413" level="INFO">Slept 5 seconds</msg>
<status status="PASS" starttime="20190503 15:06:00.412" endtime="20190503 15:06:05.413"></status>
</kw>
<kw name="Capture Page Screenshot" library="Selenium2Library">
<doc>Takes screenshot of the current page and embeds it into log file.</doc>
<msg timestamp="20190503 15:06:05.790" level="INFO" html="yes">&lt;/td&gt;&lt;/tr&gt;&lt;tr&gt;&lt;td colspan="3"&gt;&lt;a href="selenium-screenshot-96.png"&gt;&lt;img src="selenium-screenshot-96.png" width="800px"&gt;&lt;/a&gt;</msg>
<status status="PASS" starttime="20190503 15:06:05.413" endtime="20190503 15:06:05.791"></status>
</kw>
<kw name="Click Element" library="Selenium2Library">
<doc>Click element identified by ``locator``.</doc>
<arguments>
<arg>//div[@class='slidechart']//button[contains(.,'游戏人次')]</arg>
</arguments>
<msg timestamp="20190503 15:06:05.791" level="INFO">Clicking element '//div[@class='slidechart']//button[contains(.,'游戏人次')]'.</msg>
<status status="PASS" starttime="20190503 15:06:05.791" endtime="20190503 15:06:05.847"></status>
</kw>
<kw name="Wait Until Page Contains Element" library="Selenium2Library">
<doc>Waits until element ``locator`` appears on current page.</doc>
<arguments>
<arg>//div[@class='slidechart']//ul/li[contains(.,'营收比')]</arg>
</arguments>
<status status="PASS" starttime="20190503 15:06:05.848" endtime="20190503 15:06:05.862"></status>
</kw>
<kw name="Click Element" library="Selenium2Library">
<doc>Click element identified by ``locator``.</doc>
<arguments>
<arg>//div[@class='slidechart']//ul/li[contains(.,'营收比')]</arg>
</arguments>
<msg timestamp="20190503 15:06:05.863" level="INFO">Clicking element '//div[@class='slidechart']//ul/li[contains(.,'营收比')]'.</msg>
<status status="PASS" starttime="20190503 15:06:05.863" endtime="20190503 15:06:05.924"></status>
</kw>
<kw name="Sleep" library="BuiltIn">
<doc>Pauses the test executed for the given time.</doc>
<arguments>
<arg>5s</arg>
</arguments>
<msg timestamp="20190503 15:06:10.928" level="INFO">Slept 5 seconds</msg>
<status status="PASS" starttime="20190503 15:06:05.925" endtime="20190503 15:06:10.928"></status>
</kw>
<kw name="Capture Page Screenshot" library="Selenium2Library">
<doc>Takes screenshot of the current page and embeds it into log file.</doc>
<msg timestamp="20190503 15:06:11.302" level="INFO" html="yes">&lt;/td&gt;&lt;/tr&gt;&lt;tr&gt;&lt;td colspan="3"&gt;&lt;a href="selenium-screenshot-97.png"&gt;&lt;img src="selenium-screenshot-97.png" width="800px"&gt;&lt;/a&gt;</msg>
<status status="PASS" starttime="20190503 15:06:10.928" endtime="20190503 15:06:11.303"></status>
</kw>
<tags>
<tag>Login</tag>
</tags>
<status status="PASS" starttime="20190503 15:05:33.656" endtime="20190503 15:06:11.303" critical="yes"></status>
</test>
<kw name="SuiteTeardown" type="teardown">
<kw name="Run Keyword If Any Tests Failed" library="BuiltIn">
<doc>Runs the given keyword with the given arguments, if one or more tests failed.</doc>
<arguments>
<arg>Capture Page Screenshot</arg>
</arguments>
<status status="PASS" starttime="20190503 15:06:11.305" endtime="20190503 15:06:11.305"></status>
</kw>
<kw name="Close Browser" library="Selenium2Library">
<doc>Closes the current browser.</doc>
<status status="PASS" starttime="20190503 15:06:11.305" endtime="20190503 15:06:14.349"></status>
</kw>
<status status="PASS" starttime="20190503 15:06:11.305" endtime="20190503 15:06:14.349"></status>
</kw>
<status status="PASS" starttime="20190503 14:46:48.317" endtime="20190503 15:06:14.349"></status>
</suite>
<statistics>
<total>
<stat pass="9" fail="0">Critical Tests</stat>
<stat pass="9" fail="0">All Tests</stat>
</total>
<tag>
<stat pass="9" fail="0">Login</stat>
</tag>
<suite>
<stat pass="9" fail="0" id="s1" name="Test Gameanalysis Page">Test Gameanalysis Page</stat>
</suite>
</statistics>
<errors>
</errors>
</robot>
